\BOOKMARK [0][-]{chapter.1}{\376\377\0001\000\040\000T\000M\000R}{}% 1
\BOOKMARK [0][-]{chapter.2}{\376\377\0002\000\040\000N\000a\000m\000e\000s\000p\000a\000c\000e\000\040\000I\000n\000d\000e\000x}{}% 2
\BOOKMARK [1][-]{section.2.1}{\376\377\0002\000.\0001\000\040\000N\000a\000m\000e\000s\000p\000a\000c\000e\000\040\000L\000i\000s\000t}{chapter.2}% 3
\BOOKMARK [0][-]{chapter.3}{\376\377\0003\000\040\000H\000i\000e\000r\000a\000r\000c\000h\000i\000c\000a\000l\000\040\000I\000n\000d\000e\000x}{}% 4
\BOOKMARK [1][-]{section.3.1}{\376\377\0003\000.\0001\000\040\000C\000l\000a\000s\000s\000\040\000H\000i\000e\000r\000a\000r\000c\000h\000y}{chapter.3}% 5
\BOOKMARK [0][-]{chapter.4}{\376\377\0004\000\040\000C\000l\000a\000s\000s\000\040\000I\000n\000d\000e\000x}{}% 6
\BOOKMARK [1][-]{section.4.1}{\376\377\0004\000.\0001\000\040\000C\000l\000a\000s\000s\000\040\000L\000i\000s\000t}{chapter.4}% 7
\BOOKMARK [0][-]{chapter.5}{\376\377\0005\000\040\000F\000i\000l\000e\000\040\000I\000n\000d\000e\000x}{}% 8
\BOOKMARK [1][-]{section.5.1}{\376\377\0005\000.\0001\000\040\000F\000i\000l\000e\000\040\000L\000i\000s\000t}{chapter.5}% 9
\BOOKMARK [0][-]{chapter.6}{\376\377\0006\000\040\000N\000a\000m\000e\000s\000p\000a\000c\000e\000\040\000D\000o\000c\000u\000m\000e\000n\000t\000a\000t\000i\000o\000n}{}% 10
\BOOKMARK [1][-]{section.6.1}{\376\377\0006\000.\0001\000\040\000b\000l\000i\000n\000k\000e\000r\000s\000\137\000i\000n\000t\000e\000r\000f\000a\000c\000e\000\040\000N\000a\000m\000e\000s\000p\000a\000c\000e\000\040\000R\000e\000f\000e\000r\000e\000n\000c\000e}{chapter.6}% 11
\BOOKMARK [2][-]{subsection.6.1.1}{\376\377\0006\000.\0001\000.\0001\000\040\000F\000u\000n\000c\000t\000i\000o\000n\000\040\000D\000o\000c\000u\000m\000e\000n\000t\000a\000t\000i\000o\000n}{section.6.1}% 12
\BOOKMARK [3][-]{subsubsection.6.1.1.1}{\376\377\0006\000.\0001\000.\0001\000.\0001\000\040\000m\000a\000i\000n\000\050\000\051}{subsection.6.1.1}% 13
\BOOKMARK [2][-]{subsection.6.1.2}{\376\377\0006\000.\0001\000.\0002\000\040\000V\000a\000r\000i\000a\000b\000l\000e\000\040\000D\000o\000c\000u\000m\000e\000n\000t\000a\000t\000i\000o\000n}{section.6.1}% 14
\BOOKMARK [3][-]{subsubsection.6.1.2.1}{\376\377\0006\000.\0001\000.\0002\000.\0001\000\040\000g\000p\000i\000o\000\137\000p\000i\000n}{subsection.6.1.2}% 15
\BOOKMARK [1][-]{section.6.2}{\376\377\0006\000.\0002\000\040\000c\000o\000n\000t\000r\000o\000l\000l\000e\000r\000\040\000N\000a\000m\000e\000s\000p\000a\000c\000e\000\040\000R\000e\000f\000e\000r\000e\000n\000c\000e}{chapter.6}% 16
\BOOKMARK [2][-]{subsection.6.2.1}{\376\377\0006\000.\0002\000.\0001\000\040\000F\000u\000n\000c\000t\000i\000o\000n\000\040\000D\000o\000c\000u\000m\000e\000n\000t\000a\000t\000i\000o\000n}{section.6.2}% 17
\BOOKMARK [3][-]{subsubsection.6.2.1.1}{\376\377\0006\000.\0002\000.\0001\000.\0001\000\040\000m\000a\000i\000n\000\050\000\051}{subsection.6.2.1}% 18
\BOOKMARK [2][-]{subsection.6.2.2}{\376\377\0006\000.\0002\000.\0002\000\040\000V\000a\000r\000i\000a\000b\000l\000e\000\040\000D\000o\000c\000u\000m\000e\000n\000t\000a\000t\000i\000o\000n}{section.6.2}% 19
\BOOKMARK [3][-]{subsubsection.6.2.2.1}{\376\377\0006\000.\0002\000.\0002\000.\0001\000\040\000i\000n\000t\000e\000r\000f\000a\000c\000e}{subsection.6.2.2}% 20
\BOOKMARK [3][-]{subsubsection.6.2.2.2}{\376\377\0006\000.\0002\000.\0002\000.\0002\000\040\000r\000o\000b\000o\000c\000l\000a\000w}{subsection.6.2.2}% 21
\BOOKMARK [1][-]{section.6.3}{\376\377\0006\000.\0003\000\040\000m\000o\000t\000o\000r\000\137\000i\000n\000t\000e\000r\000f\000a\000c\000e\000\040\000N\000a\000m\000e\000s\000p\000a\000c\000e\000\040\000R\000e\000f\000e\000r\000e\000n\000c\000e}{chapter.6}% 22
\BOOKMARK [2][-]{subsection.6.3.1}{\376\377\0006\000.\0003\000.\0001\000\040\000F\000u\000n\000c\000t\000i\000o\000n\000\040\000D\000o\000c\000u\000m\000e\000n\000t\000a\000t\000i\000o\000n}{section.6.3}% 23
\BOOKMARK [3][-]{subsubsection.6.3.1.1}{\376\377\0006\000.\0003\000.\0001\000.\0001\000\040\000m\000a\000i\000n\000\050\000\051}{subsection.6.3.1}% 24
\BOOKMARK [2][-]{subsection.6.3.2}{\376\377\0006\000.\0003\000.\0002\000\040\000V\000a\000r\000i\000a\000b\000l\000e\000\040\000D\000o\000c\000u\000m\000e\000n\000t\000a\000t\000i\000o\000n}{section.6.3}% 25
\BOOKMARK [3][-]{subsubsection.6.3.2.1}{\376\377\0006\000.\0003\000.\0002\000.\0001\000\040\000r\000o\000b\000o\000c\000l\000a\000w}{subsection.6.3.2}% 26
\BOOKMARK [1][-]{section.6.4}{\376\377\0006\000.\0004\000\040\000o\000l\000e\000d\000\137\000i\000n\000t\000e\000r\000f\000a\000c\000e\000\040\000N\000a\000m\000e\000s\000p\000a\000c\000e\000\040\000R\000e\000f\000e\000r\000e\000n\000c\000e}{chapter.6}% 27
\BOOKMARK [2][-]{subsection.6.4.1}{\376\377\0006\000.\0004\000.\0001\000\040\000F\000u\000n\000c\000t\000i\000o\000n\000\040\000D\000o\000c\000u\000m\000e\000n\000t\000a\000t\000i\000o\000n}{section.6.4}% 28
\BOOKMARK [3][-]{subsubsection.6.4.1.1}{\376\377\0006\000.\0004\000.\0001\000.\0001\000\040\000m\000a\000i\000n\000\050\000\051}{subsection.6.4.1}% 29
\BOOKMARK [2][-]{subsection.6.4.2}{\376\377\0006\000.\0004\000.\0002\000\040\000V\000a\000r\000i\000a\000b\000l\000e\000\040\000D\000o\000c\000u\000m\000e\000n\000t\000a\000t\000i\000o\000n}{section.6.4}% 30
\BOOKMARK [3][-]{subsubsection.6.4.2.1}{\376\377\0006\000.\0004\000.\0002\000.\0001\000\040\000b\000o\000t\000t\000o\000m}{subsection.6.4.2}% 31
\BOOKMARK [3][-]{subsubsection.6.4.2.2}{\376\377\0006\000.\0004\000.\0002\000.\0002\000\040\000D\000C}{subsection.6.4.2}% 32
\BOOKMARK [3][-]{subsubsection.6.4.2.3}{\376\377\0006\000.\0004\000.\0002\000.\0003\000\040\000d\000i\000s\000p}{subsection.6.4.2}% 33
\BOOKMARK [3][-]{subsubsection.6.4.2.4}{\376\377\0006\000.\0004\000.\0002\000.\0004\000\040\000d\000r\000a\000w}{subsection.6.4.2}% 34
\BOOKMARK [3][-]{subsubsection.6.4.2.5}{\376\377\0006\000.\0004\000.\0002\000.\0005\000\040\000f\000i\000l\000l}{subsection.6.4.2}% 35
\BOOKMARK [3][-]{subsubsection.6.4.2.6}{\376\377\0006\000.\0004\000.\0002\000.\0006\000\040\000f\000o\000n\000t}{subsection.6.4.2}% 36
\BOOKMARK [3][-]{subsubsection.6.4.2.7}{\376\377\0006\000.\0004\000.\0002\000.\0007\000\040\000h\000e\000i\000g\000h\000t}{subsection.6.4.2}% 37
\BOOKMARK [3][-]{subsubsection.6.4.2.8}{\376\377\0006\000.\0004\000.\0002\000.\0008\000\040\000i\000m\000a\000g\000e}{subsection.6.4.2}% 38
\BOOKMARK [3][-]{subsubsection.6.4.2.9}{\376\377\0006\000.\0004\000.\0002\000.\0009\000\040\000o\000u\000t\000l\000i\000n\000e}{subsection.6.4.2}% 39
\BOOKMARK [3][-]{subsubsection.6.4.2.10}{\376\377\0006\000.\0004\000.\0002\000.\0001\0000\000\040\000p\000a\000d\000d\000i\000n\000g}{subsection.6.4.2}% 40
\BOOKMARK [3][-]{subsubsection.6.4.2.11}{\376\377\0006\000.\0004\000.\0002\000.\0001\0001\000\040\000R\000S\000T}{subsection.6.4.2}% 41
\BOOKMARK [3][-]{subsubsection.6.4.2.12}{\376\377\0006\000.\0004\000.\0002\000.\0001\0002\000\040\000S\000P\000I\000\137\000D\000E\000V\000I\000C\000E}{subsection.6.4.2}% 42
\BOOKMARK [3][-]{subsubsection.6.4.2.13}{\376\377\0006\000.\0004\000.\0002\000.\0001\0003\000\040\000S\000P\000I\000\137\000P\000O\000R\000T}{subsection.6.4.2}% 43
\BOOKMARK [3][-]{subsubsection.6.4.2.14}{\376\377\0006\000.\0004\000.\0002\000.\0001\0004\000\040\000t\000o\000p}{subsection.6.4.2}% 44
\BOOKMARK [3][-]{subsubsection.6.4.2.15}{\376\377\0006\000.\0004\000.\0002\000.\0001\0005\000\040\000w\000i\000d\000t\000h}{subsection.6.4.2}% 45
\BOOKMARK [3][-]{subsubsection.6.4.2.16}{\376\377\0006\000.\0004\000.\0002\000.\0001\0006\000\040\000x}{subsection.6.4.2}% 46
\BOOKMARK [1][-]{section.6.5}{\376\377\0006\000.\0005\000\040\000r\000o\000b\000o\000c\000l\000a\000w\000\137\0003\000\040\000N\000a\000m\000e\000s\000p\000a\000c\000e\000\040\000R\000e\000f\000e\000r\000e\000n\000c\000e}{chapter.6}% 47
\BOOKMARK [1][-]{section.6.6}{\376\377\0006\000.\0006\000\040\000s\000e\000r\000v\000o\000\137\000i\000n\000t\000e\000r\000f\000a\000c\000e\000\040\000N\000a\000m\000e\000s\000p\000a\000c\000e\000\040\000R\000e\000f\000e\000r\000e\000n\000c\000e}{chapter.6}% 48
\BOOKMARK [2][-]{subsection.6.6.1}{\376\377\0006\000.\0006\000.\0001\000\040\000F\000u\000n\000c\000t\000i\000o\000n\000\040\000D\000o\000c\000u\000m\000e\000n\000t\000a\000t\000i\000o\000n}{section.6.6}% 49
\BOOKMARK [3][-]{subsubsection.6.6.1.1}{\376\377\0006\000.\0006\000.\0001\000.\0001\000\040\000m\000a\000i\000n\000\050\000\051}{subsection.6.6.1}% 50
\BOOKMARK [2][-]{subsection.6.6.2}{\376\377\0006\000.\0006\000.\0002\000\040\000V\000a\000r\000i\000a\000b\000l\000e\000\040\000D\000o\000c\000u\000m\000e\000n\000t\000a\000t\000i\000o\000n}{section.6.6}% 51
\BOOKMARK [3][-]{subsubsection.6.6.2.1}{\376\377\0006\000.\0006\000.\0002\000.\0001\000\040\000s\000e\000r\000v\000o\000\137\000p\000i\000n}{subsection.6.6.2}% 52
\BOOKMARK [1][-]{section.6.7}{\376\377\0006\000.\0007\000\040\000s\000e\000t\000u\000p\000\040\000N\000a\000m\000e\000s\000p\000a\000c\000e\000\040\000R\000e\000f\000e\000r\000e\000n\000c\000e}{chapter.6}% 53
\BOOKMARK [2][-]{subsection.6.7.1}{\376\377\0006\000.\0007\000.\0001\000\040\000V\000a\000r\000i\000a\000b\000l\000e\000\040\000D\000o\000c\000u\000m\000e\000n\000t\000a\000t\000i\000o\000n}{section.6.7}% 54
\BOOKMARK [3][-]{subsubsection.6.7.1.1}{\376\377\0006\000.\0007\000.\0001\000.\0001\000\040\000d\000a\000t\000a\000\137\000f\000i\000l\000e\000s}{subsection.6.7.1}% 55
\BOOKMARK [3][-]{subsubsection.6.7.1.2}{\376\377\0006\000.\0007\000.\0001\000.\0002\000\040\000d\000e\000s\000c\000r\000i\000p\000t\000i\000o\000n}{subsection.6.7.1}% 56
\BOOKMARK [3][-]{subsubsection.6.7.1.3}{\376\377\0006\000.\0007\000.\0001\000.\0003\000\040\000e\000n\000t\000r\000y\000\137\000p\000o\000i\000n\000t\000s}{subsection.6.7.1}% 57
\BOOKMARK [3][-]{subsubsection.6.7.1.4}{\376\377\0006\000.\0007\000.\0001\000.\0004\000\040\000i\000n\000s\000t\000a\000l\000l\000\137\000r\000e\000q\000u\000i\000r\000e\000s}{subsection.6.7.1}% 58
\BOOKMARK [3][-]{subsubsection.6.7.1.5}{\376\377\0006\000.\0007\000.\0001\000.\0005\000\040\000l\000i\000c\000e\000n\000s\000e}{subsection.6.7.1}% 59
\BOOKMARK [3][-]{subsubsection.6.7.1.6}{\376\377\0006\000.\0007\000.\0001\000.\0006\000\040\000m\000a\000i\000n\000t\000a\000i\000n\000e\000r}{subsection.6.7.1}% 60
\BOOKMARK [3][-]{subsubsection.6.7.1.7}{\376\377\0006\000.\0007\000.\0001\000.\0007\000\040\000m\000a\000i\000n\000t\000a\000i\000n\000e\000r\000\137\000e\000m\000a\000i\000l}{subsection.6.7.1}% 61
\BOOKMARK [3][-]{subsubsection.6.7.1.8}{\376\377\0006\000.\0007\000.\0001\000.\0008\000\040\000n\000a\000m\000e}{subsection.6.7.1}% 62
\BOOKMARK [3][-]{subsubsection.6.7.1.9}{\376\377\0006\000.\0007\000.\0001\000.\0009\000\040\000p\000a\000c\000k\000a\000g\000e\000\137\000n\000a\000m\000e}{subsection.6.7.1}% 63
\BOOKMARK [3][-]{subsubsection.6.7.1.10}{\376\377\0006\000.\0007\000.\0001\000.\0001\0000\000\040\000p\000a\000c\000k\000a\000g\000e\000s}{subsection.6.7.1}% 64
\BOOKMARK [3][-]{subsubsection.6.7.1.11}{\376\377\0006\000.\0007\000.\0001\000.\0001\0001\000\040\000t\000e\000s\000t\000s\000\137\000r\000e\000q\000u\000i\000r\000e}{subsection.6.7.1}% 65
\BOOKMARK [3][-]{subsubsection.6.7.1.12}{\376\377\0006\000.\0007\000.\0001\000.\0001\0002\000\040\000v\000e\000r\000s\000i\000o\000n}{subsection.6.7.1}% 66
\BOOKMARK [3][-]{subsubsection.6.7.1.13}{\376\377\0006\000.\0007\000.\0001\000.\0001\0003\000\040\000z\000i\000p\000\137\000s\000a\000f\000e}{subsection.6.7.1}% 67
\BOOKMARK [1][-]{section.6.8}{\376\377\0006\000.\0008\000\040\000w\000e\000b\000c\000a\000m\000\137\000p\000u\000b\000\040\000N\000a\000m\000e\000s\000p\000a\000c\000e\000\040\000R\000e\000f\000e\000r\000e\000n\000c\000e}{chapter.6}% 68
\BOOKMARK [2][-]{subsection.6.8.1}{\376\377\0006\000.\0008\000.\0001\000\040\000F\000u\000n\000c\000t\000i\000o\000n\000\040\000D\000o\000c\000u\000m\000e\000n\000t\000a\000t\000i\000o\000n}{section.6.8}% 69
\BOOKMARK [3][-]{subsubsection.6.8.1.1}{\376\377\0006\000.\0008\000.\0001\000.\0001\000\040\000m\000a\000i\000n\000\050\000\051}{subsection.6.8.1}% 70
\BOOKMARK [1][-]{section.6.9}{\376\377\0006\000.\0009\000\040\000w\000e\000b\000c\000a\000m\000\137\000s\000u\000b\000\040\000N\000a\000m\000e\000s\000p\000a\000c\000e\000\040\000R\000e\000f\000e\000r\000e\000n\000c\000e}{chapter.6}% 71
\BOOKMARK [2][-]{subsection.6.9.1}{\376\377\0006\000.\0009\000.\0001\000\040\000F\000u\000n\000c\000t\000i\000o\000n\000\040\000D\000o\000c\000u\000m\000e\000n\000t\000a\000t\000i\000o\000n}{section.6.9}% 72
\BOOKMARK [3][-]{subsubsection.6.9.1.1}{\376\377\0006\000.\0009\000.\0001\000.\0001\000\040\000m\000a\000i\000n\000\050\000\051}{subsection.6.9.1}% 73
\BOOKMARK [0][-]{chapter.7}{\376\377\0007\000\040\000C\000l\000a\000s\000s\000\040\000D\000o\000c\000u\000m\000e\000n\000t\000a\000t\000i\000o\000n}{}% 74
\BOOKMARK [1][-]{section.7.1}{\376\377\0007\000.\0001\000\040\000B\000l\000i\000n\000k\000e\000r\000s\000I\000n\000t\000e\000r\000f\000a\000c\000e\000\040\000C\000l\000a\000s\000s\000\040\000R\000e\000f\000e\000r\000e\000n\000c\000e}{chapter.7}% 75
\BOOKMARK [2][-]{subsection.7.1.1}{\376\377\0007\000.\0001\000.\0001\000\040\000C\000o\000n\000s\000t\000r\000u\000c\000t\000o\000r\000\040\000\046\000\040\000D\000e\000s\000t\000r\000u\000c\000t\000o\000r\000\040\000D\000o\000c\000u\000m\000e\000n\000t\000a\000t\000i\000o\000n}{section.7.1}% 76
\BOOKMARK [3][-]{subsubsection.7.1.1.1}{\376\377\0007\000.\0001\000.\0001\000.\0001\000\040\000\137\000\137\000i\000n\000i\000t\000\137\000\137\000\050\000\051}{subsection.7.1.1}% 77
\BOOKMARK [2][-]{subsection.7.1.2}{\376\377\0007\000.\0001\000.\0002\000\040\000M\000e\000m\000b\000e\000r\000\040\000F\000u\000n\000c\000t\000i\000o\000n\000\040\000D\000o\000c\000u\000m\000e\000n\000t\000a\000t\000i\000o\000n}{section.7.1}% 78
\BOOKMARK [3][-]{subsubsection.7.1.2.1}{\376\377\0007\000.\0001\000.\0002\000.\0001\000\040\000b\000l\000i\000n\000k\000e\000r\000s\000\137\000c\000a\000l\000l\000b\000a\000c\000k\000\050\000\051}{subsection.7.1.2}% 79
\BOOKMARK [2][-]{subsection.7.1.3}{\376\377\0007\000.\0001\000.\0003\000\040\000M\000e\000m\000b\000e\000r\000\040\000D\000a\000t\000a\000\040\000D\000o\000c\000u\000m\000e\000n\000t\000a\000t\000i\000o\000n}{section.7.1}% 80
\BOOKMARK [3][-]{subsubsection.7.1.3.1}{\376\377\0007\000.\0001\000.\0003\000.\0001\000\040\000s\000u\000b\000s\000c\000r\000i\000p\000t\000i\000o\000n}{subsection.7.1.3}% 81
\BOOKMARK [1][-]{section.7.2}{\376\377\0007\000.\0002\000\040\000R\000o\000b\000o\000c\000l\000a\000w\000.\000C\000m\000d\000\040\000C\000l\000a\000s\000s\000\040\000R\000e\000f\000e\000r\000e\000n\000c\000e}{chapter.7}% 82
\BOOKMARK [2][-]{subsection.7.2.1}{\376\377\0007\000.\0002\000.\0001\000\040\000M\000e\000m\000b\000e\000r\000\040\000D\000a\000t\000a\000\040\000D\000o\000c\000u\000m\000e\000n\000t\000a\000t\000i\000o\000n}{section.7.2}% 83
\BOOKMARK [3][-]{subsubsection.7.2.1.1}{\376\377\0007\000.\0002\000.\0001\000.\0001\000\040\000F\000L\000A\000G\000B\000O\000O\000T\000L\000O\000A\000D\000E\000R}{subsection.7.2.1}% 84
\BOOKMARK [3][-]{subsubsection.7.2.1.2}{\376\377\0007\000.\0002\000.\0001\000.\0002\000\040\000G\000E\000T\000B\000U\000F\000F\000E\000R\000S}{subsection.7.2.1}% 85
\BOOKMARK [3][-]{subsubsection.7.2.1.3}{\376\377\0007\000.\0002\000.\0001\000.\0003\000\040\000G\000E\000T\000C\000O\000N\000F\000I\000G}{subsection.7.2.1}% 86
\BOOKMARK [3][-]{subsubsection.7.2.1.4}{\376\377\0007\000.\0002\000.\0001\000.\0004\000\040\000G\000E\000T\000C\000U\000R\000R\000E\000N\000T\000S}{subsection.7.2.1}% 87
\BOOKMARK [3][-]{subsubsection.7.2.1.5}{\376\377\0007\000.\0002\000.\0001\000.\0005\000\040\000G\000E\000T\000D\000E\000A\000D\000B\000A\000N\000D}{subsection.7.2.1}% 88
\BOOKMARK [3][-]{subsubsection.7.2.1.6}{\376\377\0007\000.\0002\000.\0001\000.\0006\000\040\000G\000E\000T\000E\000N\000C\000O\000D\000E\000R\000M\000O\000D\000E}{subsection.7.2.1}% 89
\BOOKMARK [3][-]{subsubsection.7.2.1.7}{\376\377\0007\000.\0002\000.\0001\000.\0007\000\040\000G\000E\000T\000E\000R\000R\000O\000R}{subsection.7.2.1}% 90
\BOOKMARK [3][-]{subsubsection.7.2.1.8}{\376\377\0007\000.\0002\000.\0001\000.\0008\000\040\000G\000E\000T\000L\000B\000A\000T\000T}{subsection.7.2.1}% 91
\BOOKMARK [3][-]{subsubsection.7.2.1.9}{\376\377\0007\000.\0002\000.\0001\000.\0009\000\040\000G\000E\000T\000M\0001\000E\000N\000C}{subsection.7.2.1}% 92
\BOOKMARK [3][-]{subsubsection.7.2.1.10}{\376\377\0007\000.\0002\000.\0001\000.\0001\0000\000\040\000G\000E\000T\000M\0001\000I\000S\000P\000E\000E\000D}{subsection.7.2.1}% 93
\BOOKMARK [3][-]{subsubsection.7.2.1.11}{\376\377\0007\000.\0002\000.\0001\000.\0001\0001\000\040\000G\000E\000T\000M\0001\000M\000A\000X\000C\000U\000R\000R\000E\000N\000T}{subsection.7.2.1}% 94
\BOOKMARK [3][-]{subsubsection.7.2.1.12}{\376\377\0007\000.\0002\000.\0001\000.\0001\0002\000\040\000G\000E\000T\000M\0001\000S\000P\000E\000E\000D}{subsection.7.2.1}% 95
\BOOKMARK [3][-]{subsubsection.7.2.1.13}{\376\377\0007\000.\0002\000.\0001\000.\0001\0003\000\040\000G\000E\000T\000M\0002\000E\000N\000C}{subsection.7.2.1}% 96
\BOOKMARK [3][-]{subsubsection.7.2.1.14}{\376\377\0007\000.\0002\000.\0001\000.\0001\0004\000\040\000G\000E\000T\000M\0002\000I\000S\000P\000E\000E\000D}{subsection.7.2.1}% 97
\BOOKMARK [3][-]{subsubsection.7.2.1.15}{\376\377\0007\000.\0002\000.\0001\000.\0001\0005\000\040\000G\000E\000T\000M\0002\000M\000A\000X\000C\000U\000R\000R\000E\000N\000T}{subsection.7.2.1}% 98
\BOOKMARK [3][-]{subsubsection.7.2.1.16}{\376\377\0007\000.\0002\000.\0001\000.\0001\0006\000\040\000G\000E\000T\000M\0002\000S\000P\000E\000E\000D}{subsection.7.2.1}% 99
\BOOKMARK [3][-]{subsubsection.7.2.1.17}{\376\377\0007\000.\0002\000.\0001\000.\0001\0007\000\040\000G\000E\000T\000M\000B\000A\000T\000T}{subsection.7.2.1}% 100
\BOOKMARK [3][-]{subsubsection.7.2.1.18}{\376\377\0007\000.\0002\000.\0001\000.\0001\0008\000\040\000G\000E\000T\000M\000I\000N\000M\000A\000X\000L\000O\000G\000I\000C\000V\000O\000L\000T\000A\000G\000E\000S}{subsection.7.2.1}% 101
\BOOKMARK [3][-]{subsubsection.7.2.1.19}{\376\377\0007\000.\0002\000.\0001\000.\0001\0009\000\040\000G\000E\000T\000M\000I\000N\000M\000A\000X\000M\000A\000I\000N\000V\000O\000L\000T\000A\000G\000E\000S}{subsection.7.2.1}% 102
\BOOKMARK [3][-]{subsubsection.7.2.1.20}{\376\377\0007\000.\0002\000.\0001\000.\0002\0000\000\040\000G\000E\000T\000P\000I\000N\000F\000U\000N\000C\000T\000I\000O\000N\000S}{subsection.7.2.1}% 103
\BOOKMARK [3][-]{subsubsection.7.2.1.21}{\376\377\0007\000.\0002\000.\0001\000.\0002\0001\000\040\000G\000E\000T\000P\000W\000M\000M\000O\000D\000E}{subsection.7.2.1}% 104
\BOOKMARK [3][-]{subsubsection.7.2.1.22}{\376\377\0007\000.\0002\000.\0001\000.\0002\0002\000\040\000G\000E\000T\000P\000W\000M\000S}{subsection.7.2.1}% 105
\BOOKMARK [3][-]{subsubsection.7.2.1.23}{\376\377\0007\000.\0002\000.\0001\000.\0002\0003\000\040\000G\000E\000T\000T\000E\000M\000P}{subsection.7.2.1}% 106
\BOOKMARK [3][-]{subsubsection.7.2.1.24}{\376\377\0007\000.\0002\000.\0001\000.\0002\0004\000\040\000G\000E\000T\000T\000E\000M\000P\0002}{subsection.7.2.1}% 107
\BOOKMARK [3][-]{subsubsection.7.2.1.25}{\376\377\0007\000.\0002\000.\0001\000.\0002\0005\000\040\000G\000E\000T\000V\000E\000R\000S\000I\000O\000N}{subsection.7.2.1}% 108
\BOOKMARK [3][-]{subsubsection.7.2.1.26}{\376\377\0007\000.\0002\000.\0001\000.\0002\0006\000\040\000M\0001\0007\000B\000I\000T}{subsection.7.2.1}% 109
\BOOKMARK [3][-]{subsubsection.7.2.1.27}{\376\377\0007\000.\0002\000.\0001\000.\0002\0007\000\040\000M\0001\000B\000A\000C\000K\000W\000A\000R\000D}{subsection.7.2.1}% 110
\BOOKMARK [3][-]{subsubsection.7.2.1.28}{\376\377\0007\000.\0002\000.\0001\000.\0002\0008\000\040\000M\0001\000D\000U\000T\000Y}{subsection.7.2.1}% 111
\BOOKMARK [3][-]{subsubsection.7.2.1.29}{\376\377\0007\000.\0002\000.\0001\000.\0002\0009\000\040\000M\0001\000D\000U\000T\000Y\000A\000C\000C\000E\000L}{subsection.7.2.1}% 112
\BOOKMARK [3][-]{subsubsection.7.2.1.30}{\376\377\0007\000.\0002\000.\0001\000.\0003\0000\000\040\000M\0001\000F\000O\000R\000W\000A\000R\000D}{subsection.7.2.1}% 113
\BOOKMARK [3][-]{subsubsection.7.2.1.31}{\376\377\0007\000.\0002\000.\0001\000.\0003\0001\000\040\000M\0001\000S\000P\000E\000E\000D}{subsection.7.2.1}% 114
\BOOKMARK [3][-]{subsubsection.7.2.1.32}{\376\377\0007\000.\0002\000.\0001\000.\0003\0002\000\040\000M\0001\000S\000P\000E\000E\000D\000A\000C\000C\000E\000L}{subsection.7.2.1}% 115
\BOOKMARK [3][-]{subsubsection.7.2.1.33}{\376\377\0007\000.\0002\000.\0001\000.\0003\0003\000\040\000M\0001\000S\000P\000E\000E\000D\000A\000C\000C\000E\000L\000D\000E\000C\000C\000E\000L\000P\000O\000S}{subsection.7.2.1}% 116
\BOOKMARK [3][-]{subsubsection.7.2.1.34}{\376\377\0007\000.\0002\000.\0001\000.\0003\0004\000\040\000M\0001\000S\000P\000E\000E\000D\000A\000C\000C\000E\000L\000D\000I\000S\000T}{subsection.7.2.1}% 117
\BOOKMARK [3][-]{subsubsection.7.2.1.35}{\376\377\0007\000.\0002\000.\0001\000.\0003\0005\000\040\000M\0001\000S\000P\000E\000E\000D\000D\000I\000S\000T}{subsection.7.2.1}% 118
\BOOKMARK [3][-]{subsubsection.7.2.1.36}{\376\377\0007\000.\0002\000.\0001\000.\0003\0006\000\040\000M\0002\0007\000B\000I\000T}{subsection.7.2.1}% 119
\BOOKMARK [3][-]{subsubsection.7.2.1.37}{\376\377\0007\000.\0002\000.\0001\000.\0003\0007\000\040\000M\0002\000B\000A\000C\000K\000W\000A\000R\000D}{subsection.7.2.1}% 120
\BOOKMARK [3][-]{subsubsection.7.2.1.38}{\376\377\0007\000.\0002\000.\0001\000.\0003\0008\000\040\000M\0002\000D\000U\000T\000Y}{subsection.7.2.1}% 121
\BOOKMARK [3][-]{subsubsection.7.2.1.39}{\376\377\0007\000.\0002\000.\0001\000.\0003\0009\000\040\000M\0002\000D\000U\000T\000Y\000A\000C\000C\000E\000L}{subsection.7.2.1}% 122
\BOOKMARK [3][-]{subsubsection.7.2.1.40}{\376\377\0007\000.\0002\000.\0001\000.\0004\0000\000\040\000M\0002\000F\000O\000R\000W\000A\000R\000D}{subsection.7.2.1}% 123
\BOOKMARK [3][-]{subsubsection.7.2.1.41}{\376\377\0007\000.\0002\000.\0001\000.\0004\0001\000\040\000M\0002\000S\000P\000E\000E\000D}{subsection.7.2.1}% 124
\BOOKMARK [3][-]{subsubsection.7.2.1.42}{\376\377\0007\000.\0002\000.\0001\000.\0004\0002\000\040\000M\0002\000S\000P\000E\000E\000D\000A\000C\000C\000E\000L}{subsection.7.2.1}% 125
\BOOKMARK [3][-]{subsubsection.7.2.1.43}{\376\377\0007\000.\0002\000.\0001\000.\0004\0003\000\040\000M\0002\000S\000P\000E\000E\000D\000A\000C\000C\000E\000L\000D\000E\000C\000C\000E\000L\000P\000O\000S}{subsection.7.2.1}% 126
\BOOKMARK [3][-]{subsubsection.7.2.1.44}{\376\377\0007\000.\0002\000.\0001\000.\0004\0004\000\040\000M\0002\000S\000P\000E\000E\000D\000A\000C\000C\000E\000L\000D\000I\000S\000T}{subsection.7.2.1}% 127
\BOOKMARK [3][-]{subsubsection.7.2.1.45}{\376\377\0007\000.\0002\000.\0001\000.\0004\0005\000\040\000M\0002\000S\000P\000E\000E\000D\000D\000I\000S\000T}{subsection.7.2.1}% 128
\BOOKMARK [3][-]{subsubsection.7.2.1.46}{\376\377\0007\000.\0002\000.\0001\000.\0004\0006\000\040\000M\000I\000X\000E\000D\000B\000A\000C\000K\000W\000A\000R\000D}{subsection.7.2.1}% 129
\BOOKMARK [3][-]{subsubsection.7.2.1.47}{\376\377\0007\000.\0002\000.\0001\000.\0004\0007\000\040\000M\000I\000X\000E\000D\000D\000U\000T\000Y}{subsection.7.2.1}% 130
\BOOKMARK [3][-]{subsubsection.7.2.1.48}{\376\377\0007\000.\0002\000.\0001\000.\0004\0008\000\040\000M\000I\000X\000E\000D\000D\000U\000T\000Y\000A\000C\000C\000E\000L}{subsection.7.2.1}% 131
\BOOKMARK [3][-]{subsubsection.7.2.1.49}{\376\377\0007\000.\0002\000.\0001\000.\0004\0009\000\040\000M\000I\000X\000E\000D\000F\000B}{subsection.7.2.1}% 132
\BOOKMARK [3][-]{subsubsection.7.2.1.50}{\376\377\0007\000.\0002\000.\0001\000.\0005\0000\000\040\000M\000I\000X\000E\000D\000F\000O\000R\000W\000A\000R\000D}{subsection.7.2.1}% 133
\BOOKMARK [3][-]{subsubsection.7.2.1.51}{\376\377\0007\000.\0002\000.\0001\000.\0005\0001\000\040\000M\000I\000X\000E\000D\000L\000E\000F\000T}{subsection.7.2.1}% 134
\BOOKMARK [3][-]{subsubsection.7.2.1.52}{\376\377\0007\000.\0002\000.\0001\000.\0005\0002\000\040\000M\000I\000X\000E\000D\000L\000R}{subsection.7.2.1}% 135
\BOOKMARK [3][-]{subsubsection.7.2.1.53}{\376\377\0007\000.\0002\000.\0001\000.\0005\0003\000\040\000M\000I\000X\000E\000D\000R\000I\000G\000H\000T}{subsection.7.2.1}% 136
\BOOKMARK [3][-]{subsubsection.7.2.1.54}{\376\377\0007\000.\0002\000.\0001\000.\0005\0004\000\040\000M\000I\000X\000E\000D\000S\000P\000E\000E\000D}{subsection.7.2.1}% 137
\BOOKMARK [3][-]{subsubsection.7.2.1.55}{\376\377\0007\000.\0002\000.\0001\000.\0005\0005\000\040\000M\000I\000X\000E\000D\000S\000P\000E\000E\000D\0002\000A\000C\000C\000E\000L}{subsection.7.2.1}% 138
\BOOKMARK [3][-]{subsubsection.7.2.1.56}{\376\377\0007\000.\0002\000.\0001\000.\0005\0006\000\040\000M\000I\000X\000E\000D\000S\000P\000E\000E\000D\0002\000A\000C\000C\000E\000L\000D\000I\000S\000T}{subsection.7.2.1}% 139
\BOOKMARK [3][-]{subsubsection.7.2.1.57}{\376\377\0007\000.\0002\000.\0001\000.\0005\0007\000\040\000M\000I\000X\000E\000D\000S\000P\000E\000E\000D\000A\000C\000C\000E\000L}{subsection.7.2.1}% 140
\BOOKMARK [3][-]{subsubsection.7.2.1.58}{\376\377\0007\000.\0002\000.\0001\000.\0005\0008\000\040\000M\000I\000X\000E\000D\000S\000P\000E\000E\000D\000A\000C\000C\000E\000L\000D\000E\000C\000C\000E\000L\000P\000O\000S}{subsection.7.2.1}% 141
\BOOKMARK [3][-]{subsubsection.7.2.1.59}{\376\377\0007\000.\0002\000.\0001\000.\0005\0009\000\040\000M\000I\000X\000E\000D\000S\000P\000E\000E\000D\000A\000C\000C\000E\000L\000D\000I\000S\000T}{subsection.7.2.1}% 142
\BOOKMARK [3][-]{subsubsection.7.2.1.60}{\376\377\0007\000.\0002\000.\0001\000.\0006\0000\000\040\000M\000I\000X\000E\000D\000S\000P\000E\000E\000D\000D\000I\000S\000T}{subsection.7.2.1}% 143
\BOOKMARK [3][-]{subsubsection.7.2.1.61}{\376\377\0007\000.\0002\000.\0001\000.\0006\0001\000\040\000R\000E\000A\000D\000E\000E\000P\000R\000O\000M}{subsection.7.2.1}% 144
\BOOKMARK [3][-]{subsubsection.7.2.1.62}{\376\377\0007\000.\0002\000.\0001\000.\0006\0002\000\040\000R\000E\000A\000D\000M\0001\000P\000I\000D}{subsection.7.2.1}% 145
\BOOKMARK [3][-]{subsubsection.7.2.1.63}{\376\377\0007\000.\0002\000.\0001\000.\0006\0003\000\040\000R\000E\000A\000D\000M\0001\000P\000O\000S\000P\000I\000D}{subsection.7.2.1}% 146
\BOOKMARK [3][-]{subsubsection.7.2.1.64}{\376\377\0007\000.\0002\000.\0001\000.\0006\0004\000\040\000R\000E\000A\000D\000M\0002\000P\000I\000D}{subsection.7.2.1}% 147
\BOOKMARK [3][-]{subsubsection.7.2.1.65}{\376\377\0007\000.\0002\000.\0001\000.\0006\0005\000\040\000R\000E\000A\000D\000M\0002\000P\000O\000S\000P\000I\000D}{subsection.7.2.1}% 148
\BOOKMARK [3][-]{subsubsection.7.2.1.66}{\376\377\0007\000.\0002\000.\0001\000.\0006\0006\000\040\000R\000E\000A\000D\000N\000V\000M}{subsection.7.2.1}% 149
\BOOKMARK [3][-]{subsubsection.7.2.1.67}{\376\377\0007\000.\0002\000.\0001\000.\0006\0007\000\040\000R\000E\000S\000E\000T\000E\000N\000C}{subsection.7.2.1}% 150
\BOOKMARK [3][-]{subsubsection.7.2.1.68}{\376\377\0007\000.\0002\000.\0001\000.\0006\0008\000\040\000R\000E\000S\000T\000O\000R\000E\000D\000E\000F\000A\000U\000L\000T\000S}{subsection.7.2.1}% 151
\BOOKMARK [3][-]{subsubsection.7.2.1.69}{\376\377\0007\000.\0002\000.\0001\000.\0006\0009\000\040\000S\000E\000T\000C\000O\000N\000F\000I\000G}{subsection.7.2.1}% 152
\BOOKMARK [3][-]{subsubsection.7.2.1.70}{\376\377\0007\000.\0002\000.\0001\000.\0007\0000\000\040\000S\000E\000T\000D\000E\000A\000D\000B\000A\000N\000D}{subsection.7.2.1}% 153
\BOOKMARK [3][-]{subsubsection.7.2.1.71}{\376\377\0007\000.\0002\000.\0001\000.\0007\0001\000\040\000S\000E\000T\000L\000O\000G\000I\000C\000V\000O\000L\000T\000A\000G\000E\000S}{subsection.7.2.1}% 154
\BOOKMARK [3][-]{subsubsection.7.2.1.72}{\376\377\0007\000.\0002\000.\0001\000.\0007\0002\000\040\000S\000E\000T\000M\0001\000D\000E\000F\000A\000U\000L\000T\000A\000C\000C\000E\000L}{subsection.7.2.1}% 155
\BOOKMARK [3][-]{subsubsection.7.2.1.73}{\376\377\0007\000.\0002\000.\0001\000.\0007\0003\000\040\000S\000E\000T\000M\0001\000E\000N\000C\000C\000O\000U\000N\000T}{subsection.7.2.1}% 156
\BOOKMARK [3][-]{subsubsection.7.2.1.74}{\376\377\0007\000.\0002\000.\0001\000.\0007\0004\000\040\000S\000E\000T\000M\0001\000E\000N\000C\000O\000D\000E\000R\000M\000O\000D\000E}{subsection.7.2.1}% 157
\BOOKMARK [3][-]{subsubsection.7.2.1.75}{\376\377\0007\000.\0002\000.\0001\000.\0007\0005\000\040\000S\000E\000T\000M\0001\000M\000A\000X\000C\000U\000R\000R\000E\000N\000T}{subsection.7.2.1}% 158
\BOOKMARK [3][-]{subsubsection.7.2.1.76}{\376\377\0007\000.\0002\000.\0001\000.\0007\0006\000\040\000S\000E\000T\000M\0001\000P\000I\000D}{subsection.7.2.1}% 159
\BOOKMARK [3][-]{subsubsection.7.2.1.77}{\376\377\0007\000.\0002\000.\0001\000.\0007\0007\000\040\000S\000E\000T\000M\0001\000P\000O\000S\000P\000I\000D}{subsection.7.2.1}% 160
\BOOKMARK [3][-]{subsubsection.7.2.1.78}{\376\377\0007\000.\0002\000.\0001\000.\0007\0008\000\040\000S\000E\000T\000M\0002\000D\000E\000F\000A\000U\000L\000T\000A\000C\000C\000E\000L}{subsection.7.2.1}% 161
\BOOKMARK [3][-]{subsubsection.7.2.1.79}{\376\377\0007\000.\0002\000.\0001\000.\0007\0009\000\040\000S\000E\000T\000M\0002\000E\000N\000C\000C\000O\000U\000N\000T}{subsection.7.2.1}% 162
\BOOKMARK [3][-]{subsubsection.7.2.1.80}{\376\377\0007\000.\0002\000.\0001\000.\0008\0000\000\040\000S\000E\000T\000M\0002\000E\000N\000C\000O\000D\000E\000R\000M\000O\000D\000E}{subsection.7.2.1}% 163
\BOOKMARK [3][-]{subsubsection.7.2.1.81}{\376\377\0007\000.\0002\000.\0001\000.\0008\0001\000\040\000S\000E\000T\000M\0002\000M\000A\000X\000C\000U\000R\000R\000E\000N\000T}{subsection.7.2.1}% 164
\BOOKMARK [3][-]{subsubsection.7.2.1.82}{\376\377\0007\000.\0002\000.\0001\000.\0008\0002\000\040\000S\000E\000T\000M\0002\000P\000I\000D}{subsection.7.2.1}% 165
\BOOKMARK [3][-]{subsubsection.7.2.1.83}{\376\377\0007\000.\0002\000.\0001\000.\0008\0003\000\040\000S\000E\000T\000M\0002\000P\000O\000S\000P\000I\000D}{subsection.7.2.1}% 166
\BOOKMARK [3][-]{subsubsection.7.2.1.84}{\376\377\0007\000.\0002\000.\0001\000.\0008\0004\000\040\000S\000E\000T\000M\000A\000I\000N\000V\000O\000L\000T\000A\000G\000E\000S}{subsection.7.2.1}% 167
\BOOKMARK [3][-]{subsubsection.7.2.1.85}{\376\377\0007\000.\0002\000.\0001\000.\0008\0005\000\040\000S\000E\000T\000M\000A\000X\000L\000B}{subsection.7.2.1}% 168
\BOOKMARK [3][-]{subsubsection.7.2.1.86}{\376\377\0007\000.\0002\000.\0001\000.\0008\0006\000\040\000S\000E\000T\000M\000A\000X\000M\000B}{subsection.7.2.1}% 169
\BOOKMARK [3][-]{subsubsection.7.2.1.87}{\376\377\0007\000.\0002\000.\0001\000.\0008\0007\000\040\000S\000E\000T\000M\000I\000N\000L\000B}{subsection.7.2.1}% 170
\BOOKMARK [3][-]{subsubsection.7.2.1.88}{\376\377\0007\000.\0002\000.\0001\000.\0008\0008\000\040\000S\000E\000T\000M\000I\000N\000M\000B}{subsection.7.2.1}% 171
\BOOKMARK [3][-]{subsubsection.7.2.1.89}{\376\377\0007\000.\0002\000.\0001\000.\0008\0009\000\040\000S\000E\000T\000P\000I\000N\000F\000U\000N\000C\000T\000I\000O\000N\000S}{subsection.7.2.1}% 172
\BOOKMARK [3][-]{subsubsection.7.2.1.90}{\376\377\0007\000.\0002\000.\0001\000.\0009\0000\000\040\000S\000E\000T\000P\000W\000M\000M\000O\000D\000E}{subsection.7.2.1}% 173
\BOOKMARK [3][-]{subsubsection.7.2.1.91}{\376\377\0007\000.\0002\000.\0001\000.\0009\0001\000\040\000W\000R\000I\000T\000E\000E\000E\000P\000R\000O\000M}{subsection.7.2.1}% 174
\BOOKMARK [3][-]{subsubsection.7.2.1.92}{\376\377\0007\000.\0002\000.\0001\000.\0009\0002\000\040\000W\000R\000I\000T\000E\000N\000V\000M}{subsection.7.2.1}% 175
\BOOKMARK [1][-]{section.7.3}{\376\377\0007\000.\0003\000\040\000C\000o\000n\000t\000r\000o\000l\000S\000u\000b\000s\000c\000r\000i\000b\000e\000r\000\040\000C\000l\000a\000s\000s\000\040\000R\000e\000f\000e\000r\000e\000n\000c\000e}{chapter.7}% 176
\BOOKMARK [2][-]{subsection.7.3.1}{\376\377\0007\000.\0003\000.\0001\000\040\000C\000o\000n\000s\000t\000r\000u\000c\000t\000o\000r\000\040\000\046\000\040\000D\000e\000s\000t\000r\000u\000c\000t\000o\000r\000\040\000D\000o\000c\000u\000m\000e\000n\000t\000a\000t\000i\000o\000n}{section.7.3}% 177
\BOOKMARK [3][-]{subsubsection.7.3.1.1}{\376\377\0007\000.\0003\000.\0001\000.\0001\000\040\000\137\000\137\000i\000n\000i\000t\000\137\000\137\000\050\000\051}{subsection.7.3.1}% 178
\BOOKMARK [2][-]{subsection.7.3.2}{\376\377\0007\000.\0003\000.\0002\000\040\000M\000e\000m\000b\000e\000r\000\040\000F\000u\000n\000c\000t\000i\000o\000n\000\040\000D\000o\000c\000u\000m\000e\000n\000t\000a\000t\000i\000o\000n}{section.7.3}% 179
\BOOKMARK [3][-]{subsubsection.7.3.2.1}{\376\377\0007\000.\0003\000.\0002\000.\0001\000\040\000c\000o\000n\000t\000r\000o\000l\000\137\000c\000a\000l\000l\000b\000a\000c\000k\000\050\000\051}{subsection.7.3.2}% 180
\BOOKMARK [2][-]{subsection.7.3.3}{\376\377\0007\000.\0003\000.\0003\000\040\000M\000e\000m\000b\000e\000r\000\040\000D\000a\000t\000a\000\040\000D\000o\000c\000u\000m\000e\000n\000t\000a\000t\000i\000o\000n}{section.7.3}% 181
\BOOKMARK [3][-]{subsubsection.7.3.3.1}{\376\377\0007\000.\0003\000.\0003\000.\0001\000\040\000s\000p\000e\000e\000d\000\137\000p\000u\000b\000l\000i\000s\000h\000e\000r}{subsection.7.3.3}% 182
\BOOKMARK [3][-]{subsubsection.7.3.3.2}{\376\377\0007\000.\0003\000.\0003\000.\0002\000\040\000s\000t\000e\000e\000r\000i\000n\000g\000\137\000p\000u\000b\000l\000i\000s\000h\000e\000r}{subsection.7.3.3}% 183
\BOOKMARK [3][-]{subsubsection.7.3.3.3}{\376\377\0007\000.\0003\000.\0003\000.\0003\000\040\000s\000u\000b\000s\000c\000r\000i\000p\000t\000i\000o\000n}{subsection.7.3.3}% 184
\BOOKMARK [1][-]{section.7.4}{\376\377\0007\000.\0004\000\040\000I\000m\000a\000g\000e\000P\000u\000b\000l\000i\000s\000h\000e\000r\000\040\000C\000l\000a\000s\000s\000\040\000R\000e\000f\000e\000r\000e\000n\000c\000e}{chapter.7}% 185
\BOOKMARK [2][-]{subsection.7.4.1}{\376\377\0007\000.\0004\000.\0001\000\040\000C\000o\000n\000s\000t\000r\000u\000c\000t\000o\000r\000\040\000\046\000\040\000D\000e\000s\000t\000r\000u\000c\000t\000o\000r\000\040\000D\000o\000c\000u\000m\000e\000n\000t\000a\000t\000i\000o\000n}{section.7.4}% 186
\BOOKMARK [3][-]{subsubsection.7.4.1.1}{\376\377\0007\000.\0004\000.\0001\000.\0001\000\040\000\137\000\137\000i\000n\000i\000t\000\137\000\137\000\050\000\051}{subsection.7.4.1}% 187
\BOOKMARK [2][-]{subsection.7.4.2}{\376\377\0007\000.\0004\000.\0002\000\040\000M\000e\000m\000b\000e\000r\000\040\000F\000u\000n\000c\000t\000i\000o\000n\000\040\000D\000o\000c\000u\000m\000e\000n\000t\000a\000t\000i\000o\000n}{section.7.4}% 188
\BOOKMARK [3][-]{subsubsection.7.4.2.1}{\376\377\0007\000.\0004\000.\0002\000.\0001\000\040\000t\000i\000m\000e\000r\000\137\000c\000a\000l\000l\000b\000a\000c\000k\000\050\000\051}{subsection.7.4.2}% 189
\BOOKMARK [2][-]{subsection.7.4.3}{\376\377\0007\000.\0004\000.\0003\000\040\000M\000e\000m\000b\000e\000r\000\040\000D\000a\000t\000a\000\040\000D\000o\000c\000u\000m\000e\000n\000t\000a\000t\000i\000o\000n}{section.7.4}% 190
\BOOKMARK [3][-]{subsubsection.7.4.3.1}{\376\377\0007\000.\0004\000.\0003\000.\0001\000\040\000b\000r}{subsection.7.4.3}% 191
\BOOKMARK [3][-]{subsubsection.7.4.3.2}{\376\377\0007\000.\0004\000.\0003\000.\0002\000\040\000c\000a\000p}{subsection.7.4.3}% 192
\BOOKMARK [3][-]{subsubsection.7.4.3.3}{\376\377\0007\000.\0004\000.\0003\000.\0003\000\040\000p\000u\000b\000l\000i\000s\000h\000e\000r\000\137}{subsection.7.4.3}% 193
\BOOKMARK [3][-]{subsubsection.7.4.3.4}{\376\377\0007\000.\0004\000.\0003\000.\0004\000\040\000t\000i\000m\000e\000r}{subsection.7.4.3}% 194
\BOOKMARK [1][-]{section.7.5}{\376\377\0007\000.\0005\000\040\000I\000m\000a\000g\000e\000S\000u\000b\000s\000c\000r\000i\000b\000e\000r\000\040\000C\000l\000a\000s\000s\000\040\000R\000e\000f\000e\000r\000e\000n\000c\000e}{chapter.7}% 195
\BOOKMARK [2][-]{subsection.7.5.1}{\376\377\0007\000.\0005\000.\0001\000\040\000C\000o\000n\000s\000t\000r\000u\000c\000t\000o\000r\000\040\000\046\000\040\000D\000e\000s\000t\000r\000u\000c\000t\000o\000r\000\040\000D\000o\000c\000u\000m\000e\000n\000t\000a\000t\000i\000o\000n}{section.7.5}% 196
\BOOKMARK [3][-]{subsubsection.7.5.1.1}{\376\377\0007\000.\0005\000.\0001\000.\0001\000\040\000\137\000\137\000i\000n\000i\000t\000\137\000\137\000\050\000\051}{subsection.7.5.1}% 197
\BOOKMARK [2][-]{subsection.7.5.2}{\376\377\0007\000.\0005\000.\0002\000\040\000M\000e\000m\000b\000e\000r\000\040\000F\000u\000n\000c\000t\000i\000o\000n\000\040\000D\000o\000c\000u\000m\000e\000n\000t\000a\000t\000i\000o\000n}{section.7.5}% 198
\BOOKMARK [3][-]{subsubsection.7.5.2.1}{\376\377\0007\000.\0005\000.\0002\000.\0001\000\040\000l\000i\000s\000t\000e\000n\000e\000r\000\137\000c\000a\000l\000l\000b\000a\000c\000k\000\050\000\051}{subsection.7.5.2}% 199
\BOOKMARK [2][-]{subsection.7.5.3}{\376\377\0007\000.\0005\000.\0003\000\040\000M\000e\000m\000b\000e\000r\000\040\000D\000a\000t\000a\000\040\000D\000o\000c\000u\000m\000e\000n\000t\000a\000t\000i\000o\000n}{section.7.5}% 200
\BOOKMARK [3][-]{subsubsection.7.5.3.1}{\376\377\0007\000.\0005\000.\0003\000.\0001\000\040\000b\000r}{subsection.7.5.3}% 201
\BOOKMARK [3][-]{subsubsection.7.5.3.2}{\376\377\0007\000.\0005\000.\0003\000.\0002\000\040\000s\000u\000b\000s\000c\000r\000i\000p\000t\000i\000o\000n}{subsection.7.5.3}% 202
\BOOKMARK [1][-]{section.7.6}{\376\377\0007\000.\0006\000\040\000M\000o\000t\000o\000r\000I\000n\000t\000e\000r\000f\000a\000c\000e\000\040\000C\000l\000a\000s\000s\000\040\000R\000e\000f\000e\000r\000e\000n\000c\000e}{chapter.7}% 203
\BOOKMARK [2][-]{subsection.7.6.1}{\376\377\0007\000.\0006\000.\0001\000\040\000C\000o\000n\000s\000t\000r\000u\000c\000t\000o\000r\000\040\000\046\000\040\000D\000e\000s\000t\000r\000u\000c\000t\000o\000r\000\040\000D\000o\000c\000u\000m\000e\000n\000t\000a\000t\000i\000o\000n}{section.7.6}% 204
\BOOKMARK [3][-]{subsubsection.7.6.1.1}{\376\377\0007\000.\0006\000.\0001\000.\0001\000\040\000\137\000\137\000i\000n\000i\000t\000\137\000\137\000\050\000\051}{subsection.7.6.1}% 205
\BOOKMARK [2][-]{subsection.7.6.2}{\376\377\0007\000.\0006\000.\0002\000\040\000M\000e\000m\000b\000e\000r\000\040\000F\000u\000n\000c\000t\000i\000o\000n\000\040\000D\000o\000c\000u\000m\000e\000n\000t\000a\000t\000i\000o\000n}{section.7.6}% 206
\BOOKMARK [3][-]{subsubsection.7.6.2.1}{\376\377\0007\000.\0006\000.\0002\000.\0001\000\040\000m\000o\000t\000o\000r\000\137\000c\000a\000l\000l\000b\000a\000c\000k\000\050\000\051}{subsection.7.6.2}% 207
\BOOKMARK [2][-]{subsection.7.6.3}{\376\377\0007\000.\0006\000.\0003\000\040\000M\000e\000m\000b\000e\000r\000\040\000D\000a\000t\000a\000\040\000D\000o\000c\000u\000m\000e\000n\000t\000a\000t\000i\000o\000n}{section.7.6}% 208
\BOOKMARK [3][-]{subsubsection.7.6.3.1}{\376\377\0007\000.\0006\000.\0003\000.\0001\000\040\000s\000u\000b\000s\000c\000r\000i\000p\000t\000i\000o\000n}{subsection.7.6.3}% 209
\BOOKMARK [1][-]{section.7.7}{\376\377\0007\000.\0007\000\040\000O\000l\000e\000d\000I\000n\000t\000e\000r\000f\000a\000c\000e\000\040\000C\000l\000a\000s\000s\000\040\000R\000e\000f\000e\000r\000e\000n\000c\000e}{chapter.7}% 210
\BOOKMARK [2][-]{subsection.7.7.1}{\376\377\0007\000.\0007\000.\0001\000\040\000C\000o\000n\000s\000t\000r\000u\000c\000t\000o\000r\000\040\000\046\000\040\000D\000e\000s\000t\000r\000u\000c\000t\000o\000r\000\040\000D\000o\000c\000u\000m\000e\000n\000t\000a\000t\000i\000o\000n}{section.7.7}% 211
\BOOKMARK [3][-]{subsubsection.7.7.1.1}{\376\377\0007\000.\0007\000.\0001\000.\0001\000\040\000\137\000\137\000i\000n\000i\000t\000\137\000\137\000\050\000\051}{subsection.7.7.1}% 212
\BOOKMARK [2][-]{subsection.7.7.2}{\376\377\0007\000.\0007\000.\0002\000\040\000M\000e\000m\000b\000e\000r\000\040\000F\000u\000n\000c\000t\000i\000o\000n\000\040\000D\000o\000c\000u\000m\000e\000n\000t\000a\000t\000i\000o\000n}{section.7.7}% 213
\BOOKMARK [3][-]{subsubsection.7.7.2.1}{\376\377\0007\000.\0007\000.\0002\000.\0001\000\040\000o\000l\000e\000d\000\137\000c\000a\000l\000l\000b\000a\000c\000k\000\050\000\051}{subsection.7.7.2}% 214
\BOOKMARK [2][-]{subsection.7.7.3}{\376\377\0007\000.\0007\000.\0003\000\040\000M\000e\000m\000b\000e\000r\000\040\000D\000a\000t\000a\000\040\000D\000o\000c\000u\000m\000e\000n\000t\000a\000t\000i\000o\000n}{section.7.7}% 215
\BOOKMARK [3][-]{subsubsection.7.7.3.1}{\376\377\0007\000.\0007\000.\0003\000.\0001\000\040\000s\000u\000b\000s\000c\000r\000i\000p\000t\000i\000o\000n}{subsection.7.7.3}% 216
\BOOKMARK [1][-]{section.7.8}{\376\377\0007\000.\0008\000\040\000R\000o\000b\000o\000c\000l\000a\000w\000\040\000C\000l\000a\000s\000s\000\040\000R\000e\000f\000e\000r\000e\000n\000c\000e}{chapter.7}% 217
\BOOKMARK [2][-]{subsection.7.8.1}{\376\377\0007\000.\0008\000.\0001\000\040\000C\000o\000n\000s\000t\000r\000u\000c\000t\000o\000r\000\040\000\046\000\040\000D\000e\000s\000t\000r\000u\000c\000t\000o\000r\000\040\000D\000o\000c\000u\000m\000e\000n\000t\000a\000t\000i\000o\000n}{section.7.8}% 218
\BOOKMARK [3][-]{subsubsection.7.8.1.1}{\376\377\0007\000.\0008\000.\0001\000.\0001\000\040\000\137\000\137\000i\000n\000i\000t\000\137\000\137\000\050\000\051}{subsection.7.8.1}% 219
\BOOKMARK [2][-]{subsection.7.8.2}{\376\377\0007\000.\0008\000.\0002\000\040\000M\000e\000m\000b\000e\000r\000\040\000F\000u\000n\000c\000t\000i\000o\000n\000\040\000D\000o\000c\000u\000m\000e\000n\000t\000a\000t\000i\000o\000n}{section.7.8}% 220
\BOOKMARK [3][-]{subsubsection.7.8.2.1}{\376\377\0007\000.\0008\000.\0002\000.\0001\000\040\000\137\000r\000e\000a\000d\0001\000\050\000\051}{subsection.7.8.2}% 221
\BOOKMARK [3][-]{subsubsection.7.8.2.2}{\376\377\0007\000.\0008\000.\0002\000.\0002\000\040\000\137\000r\000e\000a\000d\0002\000\050\000\051}{subsection.7.8.2}% 222
\BOOKMARK [3][-]{subsubsection.7.8.2.3}{\376\377\0007\000.\0008\000.\0002\000.\0003\000\040\000\137\000r\000e\000a\000d\0004\000\050\000\051}{subsection.7.8.2}% 223
\BOOKMARK [3][-]{subsubsection.7.8.2.4}{\376\377\0007\000.\0008\000.\0002\000.\0004\000\040\000\137\000r\000e\000a\000d\0004\000\137\0001\000\050\000\051}{subsection.7.8.2}% 224
\BOOKMARK [3][-]{subsubsection.7.8.2.5}{\376\377\0007\000.\0008\000.\0002\000.\0005\000\040\000\137\000r\000e\000a\000d\000\137\000n\000\050\000\051}{subsection.7.8.2}% 225
\BOOKMARK [3][-]{subsubsection.7.8.2.6}{\376\377\0007\000.\0008\000.\0002\000.\0006\000\040\000\137\000r\000e\000a\000d\000b\000y\000t\000e\000\050\000\051}{subsection.7.8.2}% 226
\BOOKMARK [3][-]{subsubsection.7.8.2.7}{\376\377\0007\000.\0008\000.\0002\000.\0007\000\040\000\137\000r\000e\000a\000d\000c\000h\000e\000c\000k\000s\000u\000m\000w\000o\000r\000d\000\050\000\051}{subsection.7.8.2}% 227
\BOOKMARK [3][-]{subsubsection.7.8.2.8}{\376\377\0007\000.\0008\000.\0002\000.\0008\000\040\000\137\000r\000e\000a\000d\000l\000o\000n\000g\000\050\000\051}{subsection.7.8.2}% 228
\BOOKMARK [3][-]{subsubsection.7.8.2.9}{\376\377\0007\000.\0008\000.\0002\000.\0009\000\040\000\137\000r\000e\000a\000d\000s\000l\000o\000n\000g\000\050\000\051}{subsection.7.8.2}% 229
\BOOKMARK [3][-]{subsubsection.7.8.2.10}{\376\377\0007\000.\0008\000.\0002\000.\0001\0000\000\040\000\137\000r\000e\000a\000d\000w\000o\000r\000d\000\050\000\051}{subsection.7.8.2}% 230
\BOOKMARK [3][-]{subsubsection.7.8.2.11}{\376\377\0007\000.\0008\000.\0002\000.\0001\0001\000\040\000\137\000s\000e\000n\000d\000c\000o\000m\000m\000a\000n\000d\000\050\000\051}{subsection.7.8.2}% 231
\BOOKMARK [3][-]{subsubsection.7.8.2.12}{\376\377\0007\000.\0008\000.\0002\000.\0001\0002\000\040\000\137\000w\000r\000i\000t\000e\0000\000\050\000\051}{subsection.7.8.2}% 232
\BOOKMARK [3][-]{subsubsection.7.8.2.13}{\376\377\0007\000.\0008\000.\0002\000.\0001\0003\000\040\000\137\000w\000r\000i\000t\000e\0001\000\050\000\051}{subsection.7.8.2}% 233
\BOOKMARK [3][-]{subsubsection.7.8.2.14}{\376\377\0007\000.\0008\000.\0002\000.\0001\0004\000\040\000\137\000w\000r\000i\000t\000e\0001\0001\000\050\000\051}{subsection.7.8.2}% 234
\BOOKMARK [3][-]{subsubsection.7.8.2.15}{\376\377\0007\000.\0008\000.\0002\000.\0001\0005\000\040\000\137\000w\000r\000i\000t\000e\0001\0001\0001\000\050\000\051}{subsection.7.8.2}% 235
\BOOKMARK [3][-]{subsubsection.7.8.2.16}{\376\377\0007\000.\0008\000.\0002\000.\0001\0006\000\040\000\137\000w\000r\000i\000t\000e\0002\000\050\000\051}{subsection.7.8.2}% 236
\BOOKMARK [3][-]{subsubsection.7.8.2.17}{\376\377\0007\000.\0008\000.\0002\000.\0001\0007\000\040\000\137\000w\000r\000i\000t\000e\0002\0002\000\050\000\051}{subsection.7.8.2}% 237
\BOOKMARK [3][-]{subsubsection.7.8.2.18}{\376\377\0007\000.\0008\000.\0002\000.\0001\0008\000\040\000\137\000w\000r\000i\000t\000e\0004\000\050\000\051}{subsection.7.8.2}% 238
\BOOKMARK [3][-]{subsubsection.7.8.2.19}{\376\377\0007\000.\0008\000.\0002\000.\0001\0009\000\040\000\137\000w\000r\000i\000t\000e\0004\0004\000\050\000\051}{subsection.7.8.2}% 239
\BOOKMARK [3][-]{subsubsection.7.8.2.20}{\376\377\0007\000.\0008\000.\0002\000.\0002\0000\000\040\000\137\000w\000r\000i\000t\000e\0004\0004\0001\000\050\000\051}{subsection.7.8.2}% 240
\BOOKMARK [3][-]{subsubsection.7.8.2.21}{\376\377\0007\000.\0008\000.\0002\000.\0002\0001\000\040\000\137\000w\000r\000i\000t\000e\0004\0004\0004\0004\000\050\000\051}{subsection.7.8.2}% 241
\BOOKMARK [3][-]{subsubsection.7.8.2.22}{\376\377\0007\000.\0008\000.\0002\000.\0002\0002\000\040\000\137\000w\000r\000i\000t\000e\0004\0004\0004\0004\0001\000\050\000\051}{subsection.7.8.2}% 242
\BOOKMARK [3][-]{subsubsection.7.8.2.23}{\376\377\0007\000.\0008\000.\0002\000.\0002\0003\000\040\000\137\000w\000r\000i\000t\000e\0004\0004\0004\0004\0004\0004\0004\000\050\000\051}{subsection.7.8.2}% 243
\BOOKMARK [3][-]{subsubsection.7.8.2.24}{\376\377\0007\000.\0008\000.\0002\000.\0002\0004\000\040\000\137\000w\000r\000i\000t\000e\0004\0004\0004\0004\0004\0004\0004\0004\0001\000\050\000\051}{subsection.7.8.2}% 244
\BOOKMARK [3][-]{subsubsection.7.8.2.25}{\376\377\0007\000.\0008\000.\0002\000.\0002\0005\000\040\000\137\000w\000r\000i\000t\000e\0004\000S\0004\000\050\000\051}{subsection.7.8.2}% 245
\BOOKMARK [3][-]{subsubsection.7.8.2.26}{\376\377\0007\000.\0008\000.\0002\000.\0002\0006\000\040\000\137\000w\000r\000i\000t\000e\0004\000S\0004\0004\0001\000\050\000\051}{subsection.7.8.2}% 246
\BOOKMARK [3][-]{subsubsection.7.8.2.27}{\376\377\0007\000.\0008\000.\0002\000.\0002\0007\000\040\000\137\000w\000r\000i\000t\000e\0004\000S\0004\0004\0004\000S\0004\0004\0001\000\050\000\051}{subsection.7.8.2}% 247
\BOOKMARK [3][-]{subsubsection.7.8.2.28}{\376\377\0007\000.\0008\000.\0002\000.\0002\0008\000\040\000\137\000w\000r\000i\000t\000e\0004\000S\0004\0004\000S\0004\000\050\000\051}{subsection.7.8.2}% 248
\BOOKMARK [3][-]{subsubsection.7.8.2.29}{\376\377\0007\000.\0008\000.\0002\000.\0002\0009\000\040\000\137\000w\000r\000i\000t\000e\0004\000S\0004\0004\000S\0004\0004\0001\000\050\000\051}{subsection.7.8.2}% 249
\BOOKMARK [3][-]{subsubsection.7.8.2.30}{\376\377\0007\000.\0008\000.\0002\000.\0003\0000\000\040\000\137\000w\000r\000i\000t\000e\0004\000S\0004\000S\0004\000\050\000\051}{subsection.7.8.2}% 250
\BOOKMARK [3][-]{subsubsection.7.8.2.31}{\376\377\0007\000.\0008\000.\0002\000.\0003\0001\000\040\000\137\000w\000r\000i\000t\000e\000b\000y\000t\000e\000\050\000\051}{subsection.7.8.2}% 251
\BOOKMARK [3][-]{subsubsection.7.8.2.32}{\376\377\0007\000.\0008\000.\0002\000.\0003\0002\000\040\000\137\000w\000r\000i\000t\000e\000c\000h\000e\000c\000k\000s\000u\000m\000\050\000\051}{subsection.7.8.2}% 252
\BOOKMARK [3][-]{subsubsection.7.8.2.33}{\376\377\0007\000.\0008\000.\0002\000.\0003\0003\000\040\000\137\000w\000r\000i\000t\000e\000l\000o\000n\000g\000\050\000\051}{subsection.7.8.2}% 253
\BOOKMARK [3][-]{subsubsection.7.8.2.34}{\376\377\0007\000.\0008\000.\0002\000.\0003\0004\000\040\000\137\000w\000r\000i\000t\000e\000S\0002\000\050\000\051}{subsection.7.8.2}% 254
\BOOKMARK [3][-]{subsubsection.7.8.2.35}{\376\377\0007\000.\0008\000.\0002\000.\0003\0005\000\040\000\137\000w\000r\000i\000t\000e\000S\0002\0002\000\050\000\051}{subsection.7.8.2}% 255
\BOOKMARK [3][-]{subsubsection.7.8.2.36}{\376\377\0007\000.\0008\000.\0002\000.\0003\0006\000\040\000\137\000w\000r\000i\000t\000e\000S\0002\0004\000\050\000\051}{subsection.7.8.2}% 256
\BOOKMARK [3][-]{subsubsection.7.8.2.37}{\376\377\0007\000.\0008\000.\0002\000.\0003\0007\000\040\000\137\000w\000r\000i\000t\000e\000S\0002\0004\000S\0002\0004\000\050\000\051}{subsection.7.8.2}% 257
\BOOKMARK [3][-]{subsubsection.7.8.2.38}{\376\377\0007\000.\0008\000.\0002\000.\0003\0008\000\040\000\137\000w\000r\000i\000t\000e\000S\0002\000S\0002\000\050\000\051}{subsection.7.8.2}% 258
\BOOKMARK [3][-]{subsubsection.7.8.2.39}{\376\377\0007\000.\0008\000.\0002\000.\0003\0009\000\040\000\137\000w\000r\000i\000t\000e\000S\0004\000\050\000\051}{subsection.7.8.2}% 259
\BOOKMARK [3][-]{subsubsection.7.8.2.40}{\376\377\0007\000.\0008\000.\0002\000.\0004\0000\000\040\000\137\000w\000r\000i\000t\000e\000S\0004\0004\0001\000\050\000\051}{subsection.7.8.2}% 260
\BOOKMARK [3][-]{subsubsection.7.8.2.41}{\376\377\0007\000.\0008\000.\0002\000.\0004\0001\000\040\000\137\000w\000r\000i\000t\000e\000S\0004\0004\000S\0004\0004\0001\000\050\000\051}{subsection.7.8.2}% 261
\BOOKMARK [3][-]{subsubsection.7.8.2.42}{\376\377\0007\000.\0008\000.\0002\000.\0004\0002\000\040\000\137\000w\000r\000i\000t\000e\000S\0004\000S\0004\000\050\000\051}{subsection.7.8.2}% 262
\BOOKMARK [3][-]{subsubsection.7.8.2.43}{\376\377\0007\000.\0008\000.\0002\000.\0004\0003\000\040\000\137\000w\000r\000i\000t\000e\000s\000b\000y\000t\000e\000\050\000\051}{subsection.7.8.2}% 263
\BOOKMARK [3][-]{subsubsection.7.8.2.44}{\376\377\0007\000.\0008\000.\0002\000.\0004\0004\000\040\000\137\000w\000r\000i\000t\000e\000s\000l\000o\000n\000g\000\050\000\051}{subsection.7.8.2}% 264
\BOOKMARK [3][-]{subsubsection.7.8.2.45}{\376\377\0007\000.\0008\000.\0002\000.\0004\0005\000\040\000\137\000w\000r\000i\000t\000e\000s\000w\000o\000r\000d\000\050\000\051}{subsection.7.8.2}% 265
\BOOKMARK [3][-]{subsubsection.7.8.2.46}{\376\377\0007\000.\0008\000.\0002\000.\0004\0006\000\040\000\137\000w\000r\000i\000t\000e\000w\000o\000r\000d\000\050\000\051}{subsection.7.8.2}% 266
\BOOKMARK [3][-]{subsubsection.7.8.2.47}{\376\377\0007\000.\0008\000.\0002\000.\0004\0007\000\040\000B\000a\000c\000k\000w\000a\000r\000d\000M\0001\000\050\000\051}{subsection.7.8.2}% 267
\BOOKMARK [3][-]{subsubsection.7.8.2.48}{\376\377\0007\000.\0008\000.\0002\000.\0004\0008\000\040\000B\000a\000c\000k\000w\000a\000r\000d\000M\0002\000\050\000\051}{subsection.7.8.2}% 268
\BOOKMARK [3][-]{subsubsection.7.8.2.49}{\376\377\0007\000.\0008\000.\0002\000.\0004\0009\000\040\000B\000a\000c\000k\000w\000a\000r\000d\000M\000i\000x\000e\000d\000\050\000\051}{subsection.7.8.2}% 269
\BOOKMARK [3][-]{subsubsection.7.8.2.50}{\376\377\0007\000.\0008\000.\0002\000.\0005\0000\000\040\000c\000r\000c\000\137\000c\000l\000e\000a\000r\000\050\000\051}{subsection.7.8.2}% 270
\BOOKMARK [3][-]{subsubsection.7.8.2.51}{\376\377\0007\000.\0008\000.\0002\000.\0005\0001\000\040\000c\000r\000c\000\137\000u\000p\000d\000a\000t\000e\000\050\000\051}{subsection.7.8.2}% 271
\BOOKMARK [3][-]{subsubsection.7.8.2.52}{\376\377\0007\000.\0008\000.\0002\000.\0005\0002\000\040\000D\000u\000t\000y\000A\000c\000c\000e\000l\000M\0001\000\050\000\051}{subsection.7.8.2}% 272
\BOOKMARK [3][-]{subsubsection.7.8.2.53}{\376\377\0007\000.\0008\000.\0002\000.\0005\0003\000\040\000D\000u\000t\000y\000A\000c\000c\000e\000l\000M\0001\000M\0002\000\050\000\051}{subsection.7.8.2}% 273
\BOOKMARK [3][-]{subsubsection.7.8.2.54}{\376\377\0007\000.\0008\000.\0002\000.\0005\0004\000\040\000D\000u\000t\000y\000A\000c\000c\000e\000l\000M\0002\000\050\000\051}{subsection.7.8.2}% 274
\BOOKMARK [3][-]{subsubsection.7.8.2.55}{\376\377\0007\000.\0008\000.\0002\000.\0005\0005\000\040\000D\000u\000t\000y\000M\0001\000\050\000\051}{subsection.7.8.2}% 275
\BOOKMARK [3][-]{subsubsection.7.8.2.56}{\376\377\0007\000.\0008\000.\0002\000.\0005\0006\000\040\000D\000u\000t\000y\000M\0001\000M\0002\000\050\000\051}{subsection.7.8.2}% 276
\BOOKMARK [3][-]{subsubsection.7.8.2.57}{\376\377\0007\000.\0008\000.\0002\000.\0005\0007\000\040\000D\000u\000t\000y\000M\0002\000\050\000\051}{subsection.7.8.2}% 277
\BOOKMARK [3][-]{subsubsection.7.8.2.58}{\376\377\0007\000.\0008\000.\0002\000.\0005\0008\000\040\000F\000o\000r\000w\000a\000r\000d\000B\000a\000c\000k\000w\000a\000r\000d\000M\0001\000\050\000\051}{subsection.7.8.2}% 278
\BOOKMARK [3][-]{subsubsection.7.8.2.59}{\376\377\0007\000.\0008\000.\0002\000.\0005\0009\000\040\000F\000o\000r\000w\000a\000r\000d\000B\000a\000c\000k\000w\000a\000r\000d\000M\0002\000\050\000\051}{subsection.7.8.2}% 279
\BOOKMARK [3][-]{subsubsection.7.8.2.60}{\376\377\0007\000.\0008\000.\0002\000.\0006\0000\000\040\000F\000o\000r\000w\000a\000r\000d\000B\000a\000c\000k\000w\000a\000r\000d\000M\000i\000x\000e\000d\000\050\000\051}{subsection.7.8.2}% 280
\BOOKMARK [3][-]{subsubsection.7.8.2.61}{\376\377\0007\000.\0008\000.\0002\000.\0006\0001\000\040\000F\000o\000r\000w\000a\000r\000d\000M\0001\000\050\000\051}{subsection.7.8.2}% 281
\BOOKMARK [3][-]{subsubsection.7.8.2.62}{\376\377\0007\000.\0008\000.\0002\000.\0006\0002\000\040\000F\000o\000r\000w\000a\000r\000d\000M\0002\000\050\000\051}{subsection.7.8.2}% 282
\BOOKMARK [3][-]{subsubsection.7.8.2.63}{\376\377\0007\000.\0008\000.\0002\000.\0006\0003\000\040\000F\000o\000r\000w\000a\000r\000d\000M\000i\000x\000e\000d\000\050\000\051}{subsection.7.8.2}% 283
\BOOKMARK [3][-]{subsubsection.7.8.2.64}{\376\377\0007\000.\0008\000.\0002\000.\0006\0004\000\040\000G\000e\000t\000C\000o\000n\000f\000i\000g\000\050\000\051}{subsection.7.8.2}% 284
\BOOKMARK [3][-]{subsubsection.7.8.2.65}{\376\377\0007\000.\0008\000.\0002\000.\0006\0005\000\040\000G\000e\000t\000D\000e\000a\000d\000B\000a\000n\000d\000\050\000\051}{subsection.7.8.2}% 285
\BOOKMARK [3][-]{subsubsection.7.8.2.66}{\376\377\0007\000.\0008\000.\0002\000.\0006\0006\000\040\000L\000e\000f\000t\000R\000i\000g\000h\000t\000M\000i\000x\000e\000d\000\050\000\051}{subsection.7.8.2}% 286
\BOOKMARK [3][-]{subsubsection.7.8.2.67}{\376\377\0007\000.\0008\000.\0002\000.\0006\0007\000\040\000O\000p\000e\000n\000\050\000\051}{subsection.7.8.2}% 287
\BOOKMARK [3][-]{subsubsection.7.8.2.68}{\376\377\0007\000.\0008\000.\0002\000.\0006\0008\000\040\000R\000e\000a\000d\000B\000u\000f\000f\000e\000r\000s\000\050\000\051}{subsection.7.8.2}% 288
\BOOKMARK [3][-]{subsubsection.7.8.2.69}{\376\377\0007\000.\0008\000.\0002\000.\0006\0009\000\040\000R\000e\000a\000d\000C\000u\000r\000r\000e\000n\000t\000s\000\050\000\051}{subsection.7.8.2}% 289
\BOOKMARK [3][-]{subsubsection.7.8.2.70}{\376\377\0007\000.\0008\000.\0002\000.\0007\0000\000\040\000R\000e\000a\000d\000E\000e\000p\000r\000o\000m\000\050\000\051}{subsection.7.8.2}% 290
\BOOKMARK [3][-]{subsubsection.7.8.2.71}{\376\377\0007\000.\0008\000.\0002\000.\0007\0001\000\040\000R\000e\000a\000d\000E\000n\000c\000M\0001\000\050\000\051}{subsection.7.8.2}% 291
\BOOKMARK [3][-]{subsubsection.7.8.2.72}{\376\377\0007\000.\0008\000.\0002\000.\0007\0002\000\040\000R\000e\000a\000d\000E\000n\000c\000M\0002\000\050\000\051}{subsection.7.8.2}% 292
\BOOKMARK [3][-]{subsubsection.7.8.2.73}{\376\377\0007\000.\0008\000.\0002\000.\0007\0003\000\040\000R\000e\000a\000d\000E\000n\000c\000o\000d\000e\000r\000M\000o\000d\000e\000s\000\050\000\051}{subsection.7.8.2}% 293
\BOOKMARK [3][-]{subsubsection.7.8.2.74}{\376\377\0007\000.\0008\000.\0002\000.\0007\0004\000\040\000R\000e\000a\000d\000E\000r\000r\000o\000r\000\050\000\051}{subsection.7.8.2}% 294
\BOOKMARK [3][-]{subsubsection.7.8.2.75}{\376\377\0007\000.\0008\000.\0002\000.\0007\0005\000\040\000R\000e\000a\000d\000I\000S\000p\000e\000e\000d\000M\0001\000\050\000\051}{subsection.7.8.2}% 295
\BOOKMARK [3][-]{subsubsection.7.8.2.76}{\376\377\0007\000.\0008\000.\0002\000.\0007\0006\000\040\000R\000e\000a\000d\000I\000S\000p\000e\000e\000d\000M\0002\000\050\000\051}{subsection.7.8.2}% 296
\BOOKMARK [3][-]{subsubsection.7.8.2.77}{\376\377\0007\000.\0008\000.\0002\000.\0007\0007\000\040\000R\000e\000a\000d\000L\000o\000g\000i\000c\000B\000a\000t\000t\000e\000r\000y\000V\000o\000l\000t\000a\000g\000e\000\050\000\051}{subsection.7.8.2}% 297
\BOOKMARK [3][-]{subsubsection.7.8.2.78}{\376\377\0007\000.\0008\000.\0002\000.\0007\0008\000\040\000R\000e\000a\000d\000M\0001\000M\000a\000x\000C\000u\000r\000r\000e\000n\000t\000\050\000\051}{subsection.7.8.2}% 298
\BOOKMARK [3][-]{subsubsection.7.8.2.79}{\376\377\0007\000.\0008\000.\0002\000.\0007\0009\000\040\000R\000e\000a\000d\000M\0001\000P\000o\000s\000i\000t\000i\000o\000n\000P\000I\000D\000\050\000\051}{subsection.7.8.2}% 299
\BOOKMARK [3][-]{subsubsection.7.8.2.80}{\376\377\0007\000.\0008\000.\0002\000.\0008\0000\000\040\000R\000e\000a\000d\000M\0001\000V\000e\000l\000o\000c\000i\000t\000y\000P\000I\000D\000\050\000\051}{subsection.7.8.2}% 300
\BOOKMARK [3][-]{subsubsection.7.8.2.81}{\376\377\0007\000.\0008\000.\0002\000.\0008\0001\000\040\000R\000e\000a\000d\000M\0002\000M\000a\000x\000C\000u\000r\000r\000e\000n\000t\000\050\000\051}{subsection.7.8.2}% 301
\BOOKMARK [3][-]{subsubsection.7.8.2.82}{\376\377\0007\000.\0008\000.\0002\000.\0008\0002\000\040\000R\000e\000a\000d\000M\0002\000P\000o\000s\000i\000t\000i\000o\000n\000P\000I\000D\000\050\000\051}{subsection.7.8.2}% 302
\BOOKMARK [3][-]{subsubsection.7.8.2.83}{\376\377\0007\000.\0008\000.\0002\000.\0008\0003\000\040\000R\000e\000a\000d\000M\0002\000V\000e\000l\000o\000c\000i\000t\000y\000P\000I\000D\000\050\000\051}{subsection.7.8.2}% 303
\BOOKMARK [3][-]{subsubsection.7.8.2.84}{\376\377\0007\000.\0008\000.\0002\000.\0008\0004\000\040\000R\000e\000a\000d\000M\000a\000i\000n\000B\000a\000t\000t\000e\000r\000y\000V\000o\000l\000t\000a\000g\000e\000\050\000\051}{subsection.7.8.2}% 304
\BOOKMARK [3][-]{subsubsection.7.8.2.85}{\376\377\0007\000.\0008\000.\0002\000.\0008\0005\000\040\000R\000e\000a\000d\000M\000i\000n\000M\000a\000x\000L\000o\000g\000i\000c\000V\000o\000l\000t\000a\000g\000e\000s\000\050\000\051}{subsection.7.8.2}% 305
\BOOKMARK [3][-]{subsubsection.7.8.2.86}{\376\377\0007\000.\0008\000.\0002\000.\0008\0006\000\040\000R\000e\000a\000d\000M\000i\000n\000M\000a\000x\000M\000a\000i\000n\000V\000o\000l\000t\000a\000g\000e\000s\000\050\000\051}{subsection.7.8.2}% 306
\BOOKMARK [3][-]{subsubsection.7.8.2.87}{\376\377\0007\000.\0008\000.\0002\000.\0008\0007\000\040\000R\000e\000a\000d\000N\000V\000M\000\050\000\051}{subsection.7.8.2}% 307
\BOOKMARK [3][-]{subsubsection.7.8.2.88}{\376\377\0007\000.\0008\000.\0002\000.\0008\0008\000\040\000R\000e\000a\000d\000P\000i\000n\000F\000u\000n\000c\000t\000i\000o\000n\000s\000\050\000\051}{subsection.7.8.2}% 308
\BOOKMARK [3][-]{subsubsection.7.8.2.89}{\376\377\0007\000.\0008\000.\0002\000.\0008\0009\000\040\000R\000e\000a\000d\000P\000W\000M\000M\000o\000d\000e\000\050\000\051}{subsection.7.8.2}% 309
\BOOKMARK [3][-]{subsubsection.7.8.2.90}{\376\377\0007\000.\0008\000.\0002\000.\0009\0000\000\040\000R\000e\000a\000d\000P\000W\000M\000s\000\050\000\051}{subsection.7.8.2}% 310
\BOOKMARK [3][-]{subsubsection.7.8.2.91}{\376\377\0007\000.\0008\000.\0002\000.\0009\0001\000\040\000R\000e\000a\000d\000S\000p\000e\000e\000d\000M\0001\000\050\000\051}{subsection.7.8.2}% 311
\BOOKMARK [3][-]{subsubsection.7.8.2.92}{\376\377\0007\000.\0008\000.\0002\000.\0009\0002\000\040\000R\000e\000a\000d\000S\000p\000e\000e\000d\000M\0002\000\050\000\051}{subsection.7.8.2}% 312
\BOOKMARK [3][-]{subsubsection.7.8.2.93}{\376\377\0007\000.\0008\000.\0002\000.\0009\0003\000\040\000R\000e\000a\000d\000T\000e\000m\000p\000\050\000\051}{subsection.7.8.2}% 313
\BOOKMARK [3][-]{subsubsection.7.8.2.94}{\376\377\0007\000.\0008\000.\0002\000.\0009\0004\000\040\000R\000e\000a\000d\000T\000e\000m\000p\0002\000\050\000\051}{subsection.7.8.2}% 314
\BOOKMARK [3][-]{subsubsection.7.8.2.95}{\376\377\0007\000.\0008\000.\0002\000.\0009\0005\000\040\000R\000e\000a\000d\000V\000e\000r\000s\000i\000o\000n\000\050\000\051}{subsection.7.8.2}% 315
\BOOKMARK [3][-]{subsubsection.7.8.2.96}{\376\377\0007\000.\0008\000.\0002\000.\0009\0006\000\040\000R\000e\000s\000e\000t\000E\000n\000c\000o\000d\000e\000r\000s\000\050\000\051}{subsection.7.8.2}% 316
\BOOKMARK [3][-]{subsubsection.7.8.2.97}{\376\377\0007\000.\0008\000.\0002\000.\0009\0007\000\040\000R\000e\000s\000t\000o\000r\000e\000D\000e\000f\000a\000u\000l\000t\000s\000\050\000\051}{subsection.7.8.2}% 317
\BOOKMARK [3][-]{subsubsection.7.8.2.98}{\376\377\0007\000.\0008\000.\0002\000.\0009\0008\000\040\000S\000e\000n\000d\000R\000a\000n\000d\000o\000m\000D\000a\000t\000a\000\050\000\051}{subsection.7.8.2}% 318
\BOOKMARK [3][-]{subsubsection.7.8.2.99}{\376\377\0007\000.\0008\000.\0002\000.\0009\0009\000\040\000S\000e\000t\000C\000o\000n\000f\000i\000g\000\050\000\051}{subsection.7.8.2}% 319
\BOOKMARK [3][-]{subsubsection.7.8.2.100}{\376\377\0007\000.\0008\000.\0002\000.\0001\0000\0000\000\040\000S\000e\000t\000D\000e\000a\000d\000B\000a\000n\000d\000\050\000\051}{subsection.7.8.2}% 320
\BOOKMARK [3][-]{subsubsection.7.8.2.101}{\376\377\0007\000.\0008\000.\0002\000.\0001\0000\0001\000\040\000S\000e\000t\000E\000n\000c\000M\0001\000\050\000\051}{subsection.7.8.2}% 321
\BOOKMARK [3][-]{subsubsection.7.8.2.102}{\376\377\0007\000.\0008\000.\0002\000.\0001\0000\0002\000\040\000S\000e\000t\000E\000n\000c\000M\0002\000\050\000\051}{subsection.7.8.2}% 322
\BOOKMARK [3][-]{subsubsection.7.8.2.103}{\376\377\0007\000.\0008\000.\0002\000.\0001\0000\0003\000\040\000S\000e\000t\000L\000o\000g\000i\000c\000V\000o\000l\000t\000a\000g\000e\000s\000\050\000\051}{subsection.7.8.2}% 323
\BOOKMARK [3][-]{subsubsection.7.8.2.104}{\376\377\0007\000.\0008\000.\0002\000.\0001\0000\0004\000\040\000S\000e\000t\000M\0001\000D\000e\000f\000a\000u\000l\000t\000A\000c\000c\000e\000l\000\050\000\051}{subsection.7.8.2}% 324
\BOOKMARK [3][-]{subsubsection.7.8.2.105}{\376\377\0007\000.\0008\000.\0002\000.\0001\0000\0005\000\040\000S\000e\000t\000M\0001\000E\000n\000c\000o\000d\000e\000r\000M\000o\000d\000e\000\050\000\051}{subsection.7.8.2}% 325
\BOOKMARK [3][-]{subsubsection.7.8.2.106}{\376\377\0007\000.\0008\000.\0002\000.\0001\0000\0006\000\040\000S\000e\000t\000M\0001\000M\000a\000x\000C\000u\000r\000r\000e\000n\000t\000\050\000\051}{subsection.7.8.2}% 326
\BOOKMARK [3][-]{subsubsection.7.8.2.107}{\376\377\0007\000.\0008\000.\0002\000.\0001\0000\0007\000\040\000S\000e\000t\000M\0001\000P\000o\000s\000i\000t\000i\000o\000n\000P\000I\000D\000\050\000\051}{subsection.7.8.2}% 327
\BOOKMARK [3][-]{subsubsection.7.8.2.108}{\376\377\0007\000.\0008\000.\0002\000.\0001\0000\0008\000\040\000S\000e\000t\000M\0001\000V\000e\000l\000o\000c\000i\000t\000y\000P\000I\000D\000\050\000\051}{subsection.7.8.2}% 328
\BOOKMARK [3][-]{subsubsection.7.8.2.109}{\376\377\0007\000.\0008\000.\0002\000.\0001\0000\0009\000\040\000S\000e\000t\000M\0002\000D\000e\000f\000a\000u\000l\000t\000A\000c\000c\000e\000l\000\050\000\051}{subsection.7.8.2}% 329
\BOOKMARK [3][-]{subsubsection.7.8.2.110}{\376\377\0007\000.\0008\000.\0002\000.\0001\0001\0000\000\040\000S\000e\000t\000M\0002\000E\000n\000c\000o\000d\000e\000r\000M\000o\000d\000e\000\050\000\051}{subsection.7.8.2}% 330
\BOOKMARK [3][-]{subsubsection.7.8.2.111}{\376\377\0007\000.\0008\000.\0002\000.\0001\0001\0001\000\040\000S\000e\000t\000M\0002\000M\000a\000x\000C\000u\000r\000r\000e\000n\000t\000\050\000\051}{subsection.7.8.2}% 331
\BOOKMARK [3][-]{subsubsection.7.8.2.112}{\376\377\0007\000.\0008\000.\0002\000.\0001\0001\0002\000\040\000S\000e\000t\000M\0002\000P\000o\000s\000i\000t\000i\000o\000n\000P\000I\000D\000\050\000\051}{subsection.7.8.2}% 332
\BOOKMARK [3][-]{subsubsection.7.8.2.113}{\376\377\0007\000.\0008\000.\0002\000.\0001\0001\0003\000\040\000S\000e\000t\000M\0002\000V\000e\000l\000o\000c\000i\000t\000y\000P\000I\000D\000\050\000\051}{subsection.7.8.2}% 333
\BOOKMARK [3][-]{subsubsection.7.8.2.114}{\376\377\0007\000.\0008\000.\0002\000.\0001\0001\0004\000\040\000S\000e\000t\000M\000a\000i\000n\000V\000o\000l\000t\000a\000g\000e\000s\000\050\000\051}{subsection.7.8.2}% 334
\BOOKMARK [3][-]{subsubsection.7.8.2.115}{\376\377\0007\000.\0008\000.\0002\000.\0001\0001\0005\000\040\000S\000e\000t\000M\000a\000x\000V\000o\000l\000t\000a\000g\000e\000L\000o\000g\000i\000c\000B\000a\000t\000t\000e\000r\000y\000\050\000\051}{subsection.7.8.2}% 335
\BOOKMARK [3][-]{subsubsection.7.8.2.116}{\376\377\0007\000.\0008\000.\0002\000.\0001\0001\0006\000\040\000S\000e\000t\000M\000a\000x\000V\000o\000l\000t\000a\000g\000e\000M\000a\000i\000n\000B\000a\000t\000t\000e\000r\000y\000\050\000\051}{subsection.7.8.2}% 336
\BOOKMARK [3][-]{subsubsection.7.8.2.117}{\376\377\0007\000.\0008\000.\0002\000.\0001\0001\0007\000\040\000S\000e\000t\000M\000i\000n\000V\000o\000l\000t\000a\000g\000e\000L\000o\000g\000i\000c\000B\000a\000t\000t\000e\000r\000y\000\050\000\051}{subsection.7.8.2}% 337
\BOOKMARK [3][-]{subsubsection.7.8.2.118}{\376\377\0007\000.\0008\000.\0002\000.\0001\0001\0008\000\040\000S\000e\000t\000M\000i\000n\000V\000o\000l\000t\000a\000g\000e\000M\000a\000i\000n\000B\000a\000t\000t\000e\000r\000y\000\050\000\051}{subsection.7.8.2}% 338
\BOOKMARK [3][-]{subsubsection.7.8.2.119}{\376\377\0007\000.\0008\000.\0002\000.\0001\0001\0009\000\040\000S\000e\000t\000P\000i\000n\000F\000u\000n\000c\000t\000i\000o\000n\000s\000\050\000\051}{subsection.7.8.2}% 339
\BOOKMARK [3][-]{subsubsection.7.8.2.120}{\376\377\0007\000.\0008\000.\0002\000.\0001\0002\0000\000\040\000S\000e\000t\000P\000W\000M\000M\000o\000d\000e\000\050\000\051}{subsection.7.8.2}% 340
\BOOKMARK [3][-]{subsubsection.7.8.2.121}{\376\377\0007\000.\0008\000.\0002\000.\0001\0002\0001\000\040\000S\000p\000e\000e\000d\000A\000c\000c\000e\000l\000D\000e\000c\000c\000e\000l\000P\000o\000s\000i\000t\000i\000o\000n\000M\0001\000\050\000\051}{subsection.7.8.2}% 341
\BOOKMARK [3][-]{subsubsection.7.8.2.122}{\376\377\0007\000.\0008\000.\0002\000.\0001\0002\0002\000\040\000S\000p\000e\000e\000d\000A\000c\000c\000e\000l\000D\000e\000c\000c\000e\000l\000P\000o\000s\000i\000t\000i\000o\000n\000M\0001\000M\0002\000\050\000\051}{subsection.7.8.2}% 342
\BOOKMARK [3][-]{subsubsection.7.8.2.123}{\376\377\0007\000.\0008\000.\0002\000.\0001\0002\0003\000\040\000S\000p\000e\000e\000d\000A\000c\000c\000e\000l\000D\000e\000c\000c\000e\000l\000P\000o\000s\000i\000t\000i\000o\000n\000M\0002\000\050\000\051}{subsection.7.8.2}% 343
\BOOKMARK [3][-]{subsubsection.7.8.2.124}{\376\377\0007\000.\0008\000.\0002\000.\0001\0002\0004\000\040\000S\000p\000e\000e\000d\000A\000c\000c\000e\000l\000D\000i\000s\000t\000a\000n\000c\000e\000M\0001\000\050\000\051}{subsection.7.8.2}% 344
\BOOKMARK [3][-]{subsubsection.7.8.2.125}{\376\377\0007\000.\0008\000.\0002\000.\0001\0002\0005\000\040\000S\000p\000e\000e\000d\000A\000c\000c\000e\000l\000D\000i\000s\000t\000a\000n\000c\000e\000M\0001\000M\0002\000\050\000\051}{subsection.7.8.2}% 345
\BOOKMARK [3][-]{subsubsection.7.8.2.126}{\376\377\0007\000.\0008\000.\0002\000.\0001\0002\0006\000\040\000S\000p\000e\000e\000d\000A\000c\000c\000e\000l\000D\000i\000s\000t\000a\000n\000c\000e\000M\0001\000M\0002\000\137\0002\000\050\000\051}{subsection.7.8.2}% 346
\BOOKMARK [3][-]{subsubsection.7.8.2.127}{\376\377\0007\000.\0008\000.\0002\000.\0001\0002\0007\000\040\000S\000p\000e\000e\000d\000A\000c\000c\000e\000l\000D\000i\000s\000t\000a\000n\000c\000e\000M\0002\000\050\000\051}{subsection.7.8.2}% 347
\BOOKMARK [3][-]{subsubsection.7.8.2.128}{\376\377\0007\000.\0008\000.\0002\000.\0001\0002\0008\000\040\000S\000p\000e\000e\000d\000A\000c\000c\000e\000l\000M\0001\000\050\000\051}{subsection.7.8.2}% 348
\BOOKMARK [3][-]{subsubsection.7.8.2.129}{\376\377\0007\000.\0008\000.\0002\000.\0001\0002\0009\000\040\000S\000p\000e\000e\000d\000A\000c\000c\000e\000l\000M\0001\000M\0002\000\050\000\051}{subsection.7.8.2}% 349
\BOOKMARK [3][-]{subsubsection.7.8.2.130}{\376\377\0007\000.\0008\000.\0002\000.\0001\0003\0000\000\040\000S\000p\000e\000e\000d\000A\000c\000c\000e\000l\000M\0001\000M\0002\000\137\0002\000\050\000\051}{subsection.7.8.2}% 350
\BOOKMARK [3][-]{subsubsection.7.8.2.131}{\376\377\0007\000.\0008\000.\0002\000.\0001\0003\0001\000\040\000S\000p\000e\000e\000d\000A\000c\000c\000e\000l\000M\0002\000\050\000\051}{subsection.7.8.2}% 351
\BOOKMARK [3][-]{subsubsection.7.8.2.132}{\376\377\0007\000.\0008\000.\0002\000.\0001\0003\0002\000\040\000S\000p\000e\000e\000d\000D\000i\000s\000t\000a\000n\000c\000e\000M\0001\000\050\000\051}{subsection.7.8.2}% 352
\BOOKMARK [3][-]{subsubsection.7.8.2.133}{\376\377\0007\000.\0008\000.\0002\000.\0001\0003\0003\000\040\000S\000p\000e\000e\000d\000D\000i\000s\000t\000a\000n\000c\000e\000M\0001\000M\0002\000\050\000\051}{subsection.7.8.2}% 353
\BOOKMARK [3][-]{subsubsection.7.8.2.134}{\376\377\0007\000.\0008\000.\0002\000.\0001\0003\0004\000\040\000S\000p\000e\000e\000d\000D\000i\000s\000t\000a\000n\000c\000e\000M\0002\000\050\000\051}{subsection.7.8.2}% 354
\BOOKMARK [3][-]{subsubsection.7.8.2.135}{\376\377\0007\000.\0008\000.\0002\000.\0001\0003\0005\000\040\000S\000p\000e\000e\000d\000M\0001\000\050\000\051}{subsection.7.8.2}% 355
\BOOKMARK [3][-]{subsubsection.7.8.2.136}{\376\377\0007\000.\0008\000.\0002\000.\0001\0003\0006\000\040\000S\000p\000e\000e\000d\000M\0001\000M\0002\000\050\000\051}{subsection.7.8.2}% 356
\BOOKMARK [3][-]{subsubsection.7.8.2.137}{\376\377\0007\000.\0008\000.\0002\000.\0001\0003\0007\000\040\000S\000p\000e\000e\000d\000M\0002\000\050\000\051}{subsection.7.8.2}% 357
\BOOKMARK [3][-]{subsubsection.7.8.2.138}{\376\377\0007\000.\0008\000.\0002\000.\0001\0003\0008\000\040\000T\000u\000r\000n\000L\000e\000f\000t\000M\000i\000x\000e\000d\000\050\000\051}{subsection.7.8.2}% 358
\BOOKMARK [3][-]{subsubsection.7.8.2.139}{\376\377\0007\000.\0008\000.\0002\000.\0001\0003\0009\000\040\000T\000u\000r\000n\000R\000i\000g\000h\000t\000M\000i\000x\000e\000d\000\050\000\051}{subsection.7.8.2}% 359
\BOOKMARK [3][-]{subsubsection.7.8.2.140}{\376\377\0007\000.\0008\000.\0002\000.\0001\0004\0000\000\040\000W\000r\000i\000t\000e\000E\000e\000p\000r\000o\000m\000\050\000\051}{subsection.7.8.2}% 360
\BOOKMARK [3][-]{subsubsection.7.8.2.141}{\376\377\0007\000.\0008\000.\0002\000.\0001\0004\0001\000\040\000W\000r\000i\000t\000e\000N\000V\000M\000\050\000\051}{subsection.7.8.2}% 361
\BOOKMARK [2][-]{subsection.7.8.3}{\376\377\0007\000.\0008\000.\0003\000\040\000M\000e\000m\000b\000e\000r\000\040\000D\000a\000t\000a\000\040\000D\000o\000c\000u\000m\000e\000n\000t\000a\000t\000i\000o\000n}{section.7.8}% 362
\BOOKMARK [3][-]{subsubsection.7.8.3.1}{\376\377\0007\000.\0008\000.\0003\000.\0001\000\040\000\137\000c\000r\000c}{subsection.7.8.3}% 363
\BOOKMARK [3][-]{subsubsection.7.8.3.2}{\376\377\0007\000.\0008\000.\0003\000.\0002\000\040\000\137\000p\000o\000r\000t}{subsection.7.8.3}% 364
\BOOKMARK [3][-]{subsubsection.7.8.3.3}{\376\377\0007\000.\0008\000.\0003\000.\0003\000\040\000\137\000t\000r\000y\000s\000t\000i\000m\000e\000o\000u\000t}{subsection.7.8.3}% 365
\BOOKMARK [3][-]{subsubsection.7.8.3.4}{\376\377\0007\000.\0008\000.\0003\000.\0004\000\040\000c\000o\000m\000p\000o\000r\000t}{subsection.7.8.3}% 366
\BOOKMARK [3][-]{subsubsection.7.8.3.5}{\376\377\0007\000.\0008\000.\0003\000.\0005\000\040\000r\000a\000t\000e}{subsection.7.8.3}% 367
\BOOKMARK [3][-]{subsubsection.7.8.3.6}{\376\377\0007\000.\0008\000.\0003\000.\0006\000\040\000t\000i\000m\000e\000o\000u\000t}{subsection.7.8.3}% 368
\BOOKMARK [1][-]{section.7.9}{\376\377\0007\000.\0009\000\040\000S\000t\000e\000e\000r\000i\000n\000g\000I\000n\000t\000e\000r\000f\000a\000c\000e\000\040\000C\000l\000a\000s\000s\000\040\000R\000e\000f\000e\000r\000e\000n\000c\000e}{chapter.7}% 369
\BOOKMARK [2][-]{subsection.7.9.1}{\376\377\0007\000.\0009\000.\0001\000\040\000C\000o\000n\000s\000t\000r\000u\000c\000t\000o\000r\000\040\000\046\000\040\000D\000e\000s\000t\000r\000u\000c\000t\000o\000r\000\040\000D\000o\000c\000u\000m\000e\000n\000t\000a\000t\000i\000o\000n}{section.7.9}% 370
\BOOKMARK [3][-]{subsubsection.7.9.1.1}{\376\377\0007\000.\0009\000.\0001\000.\0001\000\040\000\137\000\137\000i\000n\000i\000t\000\137\000\137\000\050\000\051}{subsection.7.9.1}% 371
\BOOKMARK [2][-]{subsection.7.9.2}{\376\377\0007\000.\0009\000.\0002\000\040\000M\000e\000m\000b\000e\000r\000\040\000F\000u\000n\000c\000t\000i\000o\000n\000\040\000D\000o\000c\000u\000m\000e\000n\000t\000a\000t\000i\000o\000n}{section.7.9}% 372
\BOOKMARK [3][-]{subsubsection.7.9.2.1}{\376\377\0007\000.\0009\000.\0002\000.\0001\000\040\000s\000t\000e\000e\000r\000i\000n\000g\000\137\000c\000a\000l\000l\000b\000a\000c\000k\000\050\000\051}{subsection.7.9.2}% 373
\BOOKMARK [2][-]{subsection.7.9.3}{\376\377\0007\000.\0009\000.\0003\000\040\000M\000e\000m\000b\000e\000r\000\040\000D\000a\000t\000a\000\040\000D\000o\000c\000u\000m\000e\000n\000t\000a\000t\000i\000o\000n}{section.7.9}% 374
\BOOKMARK [3][-]{subsubsection.7.9.3.1}{\376\377\0007\000.\0009\000.\0003\000.\0001\000\040\000s\000u\000b\000s\000c\000r\000i\000p\000t\000i\000o\000n}{subsection.7.9.3}% 375
\BOOKMARK [0][-]{chapter.8}{\376\377\0008\000\040\000F\000i\000l\000e\000\040\000D\000o\000c\000u\000m\000e\000n\000t\000a\000t\000i\000o\000n}{}% 376
\BOOKMARK [1][-]{section.8.1}{\376\377\0008\000.\0001\000\040\000m\000a\000i\000n\000\137\000w\000s\000/\000s\000r\000c\000/\000t\000o\000x\000i\000c\000\137\000h\000a\000r\000d\000w\000a\000r\000e\000/\000s\000e\000t\000u\000p\000.\000p\000y\000\040\000F\000i\000l\000e\000\040\000R\000e\000f\000e\000r\000e\000n\000c\000e}{chapter.8}% 377
\BOOKMARK [1][-]{section.8.2}{\376\377\0008\000.\0002\000\040\000m\000a\000i\000n\000\137\000w\000s\000/\000s\000r\000c\000/\000t\000o\000x\000i\000c\000\137\000v\000i\000s\000i\000o\000n\000/\000s\000e\000t\000u\000p\000.\000p\000y\000\040\000F\000i\000l\000e\000\040\000R\000e\000f\000e\000r\000e\000n\000c\000e}{chapter.8}% 378
\BOOKMARK [1][-]{section.8.3}{\376\377\0008\000.\0003\000\040\000m\000a\000i\000n\000\137\000w\000s\000/\000s\000r\000c\000/\000t\000o\000x\000i\000c\000\137\000h\000a\000r\000d\000w\000a\000r\000e\000/\000t\000o\000x\000i\000c\000\137\000h\000a\000r\000d\000w\000a\000r\000e\000/\000b\000l\000i\000n\000k\000e\000r\000s\000\137\000i\000n\000t\000e\000r\000f\000a\000c\000e\000.\000p\000y\000\040\000F\000i\000l\000e\000\040\000R\000e\000f\000e\000r\000e\000n\000c\000e}{chapter.8}% 379
\BOOKMARK [1][-]{section.8.4}{\376\377\0008\000.\0004\000\040\000m\000a\000i\000n\000\137\000w\000s\000/\000s\000r\000c\000/\000t\000o\000x\000i\000c\000\137\000h\000a\000r\000d\000w\000a\000r\000e\000/\000t\000o\000x\000i\000c\000\137\000h\000a\000r\000d\000w\000a\000r\000e\000/\000c\000o\000n\000t\000r\000o\000l\000l\000e\000r\000.\000p\000y\000\040\000F\000i\000l\000e\000\040\000R\000e\000f\000e\000r\000e\000n\000c\000e}{chapter.8}% 380
\BOOKMARK [1][-]{section.8.5}{\376\377\0008\000.\0005\000\040\000m\000a\000i\000n\000\137\000w\000s\000/\000s\000r\000c\000/\000t\000o\000x\000i\000c\000\137\000h\000a\000r\000d\000w\000a\000r\000e\000/\000t\000o\000x\000i\000c\000\137\000h\000a\000r\000d\000w\000a\000r\000e\000/\000m\000o\000t\000o\000r\000\137\000i\000n\000t\000e\000r\000f\000a\000c\000e\000.\000p\000y\000\040\000F\000i\000l\000e\000\040\000R\000e\000f\000e\000r\000e\000n\000c\000e}{chapter.8}% 381
\BOOKMARK [2][-]{subsection.8.5.1}{\376\377\0008\000.\0005\000.\0001\000\040\000D\000e\000t\000a\000i\000l\000e\000d\000\040\000D\000e\000s\000c\000r\000i\000p\000t\000i\000o\000n}{section.8.5}% 382
\BOOKMARK [1][-]{section.8.6}{\376\377\0008\000.\0006\000\040\000m\000a\000i\000n\000\137\000w\000s\000/\000s\000r\000c\000/\000t\000o\000x\000i\000c\000\137\000h\000a\000r\000d\000w\000a\000r\000e\000/\000t\000o\000x\000i\000c\000\137\000h\000a\000r\000d\000w\000a\000r\000e\000/\000o\000l\000e\000d\000\137\000i\000n\000t\000e\000r\000f\000a\000c\000e\000.\000p\000y\000\040\000F\000i\000l\000e\000\040\000R\000e\000f\000e\000r\000e\000n\000c\000e}{chapter.8}% 383
\BOOKMARK [1][-]{section.8.7}{\376\377\0008\000.\0007\000\040\000m\000a\000i\000n\000\137\000w\000s\000/\000s\000r\000c\000/\000t\000o\000x\000i\000c\000\137\000h\000a\000r\000d\000w\000a\000r\000e\000/\000t\000o\000x\000i\000c\000\137\000h\000a\000r\000d\000w\000a\000r\000e\000/\000r\000o\000b\000o\000c\000l\000a\000w\000\137\0003\000.\000p\000y\000\040\000F\000i\000l\000e\000\040\000R\000e\000f\000e\000r\000e\000n\000c\000e}{chapter.8}% 384
\BOOKMARK [1][-]{section.8.8}{\376\377\0008\000.\0008\000\040\000m\000a\000i\000n\000\137\000w\000s\000/\000s\000r\000c\000/\000t\000o\000x\000i\000c\000\137\000h\000a\000r\000d\000w\000a\000r\000e\000/\000t\000o\000x\000i\000c\000\137\000h\000a\000r\000d\000w\000a\000r\000e\000/\000s\000e\000r\000v\000o\000\137\000i\000n\000t\000e\000r\000f\000a\000c\000e\000.\000p\000y\000\040\000F\000i\000l\000e\000\040\000R\000e\000f\000e\000r\000e\000n\000c\000e}{chapter.8}% 385
\BOOKMARK [1][-]{section.8.9}{\376\377\0008\000.\0009\000\040\000m\000a\000i\000n\000\137\000w\000s\000/\000s\000r\000c\000/\000t\000o\000x\000i\000c\000\137\000v\000i\000s\000i\000o\000n\000/\000t\000o\000x\000i\000c\000\137\000v\000i\000s\000i\000o\000n\000/\000w\000e\000b\000c\000a\000m\000\137\000p\000u\000b\000.\000p\000y\000\040\000F\000i\000l\000e\000\040\000R\000e\000f\000e\000r\000e\000n\000c\000e}{chapter.8}% 386
\BOOKMARK [2][-]{subsection.8.9.1}{\376\377\0008\000.\0009\000.\0001\000\040\000D\000e\000t\000a\000i\000l\000e\000d\000\040\000D\000e\000s\000c\000r\000i\000p\000t\000i\000o\000n}{section.8.9}% 387
\BOOKMARK [2][-]{subsection.8.9.2}{\376\377\0008\000.\0009\000.\0002\000\040\000D\000e\000t\000a\000i\000l}{section.8.9}% 388
\BOOKMARK [2][-]{subsection.8.9.3}{\376\377\0008\000.\0009\000.\0003\000\040\000I\000m\000p\000o\000r\000t\000a\000n\000t\000\040\000p\000a\000r\000a\000m\000e\000t\000e\000r\000s\000\040\000t\000o\000\040\000c\000h\000a\000n\000g\000e\000.}{section.8.9}% 389
\BOOKMARK [2][-]{subsection.8.9.4}{\376\377\0008\000.\0009\000.\0004\000\040\000D\000e\000p\000e\000n\000d\000e\000n\000c\000e\000s\000.}{section.8.9}% 390
\BOOKMARK [2][-]{subsection.8.9.5}{\376\377\0008\000.\0009\000.\0005\000\040\000C\000o\000p\000y\000r\000i\000g\000h\000t}{section.8.9}% 391
\BOOKMARK [2][-]{subsection.8.9.6}{\376\377\0008\000.\0009\000.\0006\000\040\000C\000o\000d\000e\000\040\000S\000p\000i\000n\000n\000e\000t\000.}{section.8.9}% 392
\BOOKMARK [1][-]{section.8.10}{\376\377\0008\000.\0001\0000\000\040\000m\000a\000i\000n\000\137\000w\000s\000/\000s\000r\000c\000/\000t\000o\000x\000i\000c\000\137\000v\000i\000s\000i\000o\000n\000/\000t\000o\000x\000i\000c\000\137\000v\000i\000s\000i\000o\000n\000/\000w\000e\000b\000c\000a\000m\000\137\000s\000u\000b\000.\000p\000y\000\040\000F\000i\000l\000e\000\040\000R\000e\000f\000e\000r\000e\000n\000c\000e}{chapter.8}% 393
\BOOKMARK [2][-]{subsection.8.10.1}{\376\377\0008\000.\0001\0000\000.\0001\000\040\000D\000e\000t\000a\000i\000l\000e\000d\000\040\000D\000e\000s\000c\000r\000i\000p\000t\000i\000o\000n}{section.8.10}% 394
\BOOKMARK [2][-]{subsection.8.10.2}{\376\377\0008\000.\0001\0000\000.\0002\000\040\000D\000e\000t\000a\000i\000l}{section.8.10}% 395
\BOOKMARK [2][-]{subsection.8.10.3}{\376\377\0008\000.\0001\0000\000.\0003\000\040\000I\000m\000p\000o\000r\000t\000a\000n\000t\000\040\000p\000a\000r\000a\000m\000e\000t\000e\000r\000s\000\040\000t\000o\000\040\000c\000h\000a\000n\000g\000e\000.}{section.8.10}% 396
\BOOKMARK [2][-]{subsection.8.10.4}{\376\377\0008\000.\0001\0000\000.\0004\000\040\000D\000e\000p\000e\000n\000d\000e\000n\000c\000e\000s\000.}{section.8.10}% 397
\BOOKMARK [2][-]{subsection.8.10.5}{\376\377\0008\000.\0001\0000\000.\0005\000\040\000C\000o\000p\000y\000r\000i\000g\000h\000t}{section.8.10}% 398
\BOOKMARK [2][-]{subsection.8.10.6}{\376\377\0008\000.\0001\0000\000.\0006\000\040\000C\000o\000d\000e\000\040\000S\000p\000i\000n\000n\000e\000t\000.}{section.8.10}% 399
\BOOKMARK [1][-]{section.8.11}{\376\377\0008\000.\0001\0001\000\040\000R\000E\000A\000D\000M\000E\000.\000m\000d\000\040\000F\000i\000l\000e\000\040\000R\000e\000f\000e\000r\000e\000n\000c\000e}{chapter.8}% 400
\BOOKMARK [0][-]{section*.89}{\376\377\000I\000n\000d\000e\000x}{}% 401
